#
# A fatal error has been detected by the Java Runtime Environment:
#
#  SIGSEGV (0xb) at pc=0x00007fff9390e4dd, pid=44454, tid=2571
#
# JRE version: Java(TM) SE Runtime Environment (8.0_74-b02) (build 1.8.0_74-b02)
# Java VM: Java HotSpot(TM) 64-Bit Server VM (25.74-b02 mixed mode bsd-amd64 compressed oops)
# Problematic frame:
# C  [libobjc.A.dylib+0x14dd]  objc_msgSend+0x1d
#
# Failed to write core dump. Core dumps have been disabled. To enable core dumping, try "ulimit -c unlimited" before starting Java again
#
# If you would like to submit a bug report, please visit:
#   http://bugreport.java.com/bugreport/crash.jsp
# The crash happened outside the Java Virtual Machine in native code.
# See problematic frame for where to report the bug.
#

---------------  T H R E A D  ---------------

Current thread (0x00007f81c994c800):  JavaThread "AWT-AppKit" daemon [_thread_in_native, id=2571, stack(0x00007fff583c0000,0x00007fff58bc0000)]

siginfo: si_signo: 11 (SIGSEGV), si_code: 1 (SEGV_MAPERR), si_addr: 0x0000000000000018

Registers:
RAX=0x00007f81ce15b1f0, RBX=0x000000018a6e5450, RCX=0x00000001210c5c40, RDX=0x0000000120fcf120
RSP=0x00007fff58bbb448, RBP=0x00007fff58bbb500, RSI=0x00007fff93905ce6, RDI=0x00007f81c962fc50
R8 =0x0000000000000000, R9 =0x00000000000008b0, R10=0x00007fff93905ce6, R11=0x0000000000000000
R12=0x0000000000000000, R13=0x000000018c0d8c60, R14=0x000000018a6e5440, R15=0x00007f81c994c800
RIP=0x00007fff9390e4dd, EFLAGS=0x0000000000010246, ERR=0x0000000000000004
  TRAPNO=0x000000000000000e

Top of Stack: (sp=0x00007fff58bbb448)
0x00007fff58bbb448:   000000018a6e3157 00007fff58bbb4a0
0x00007fff58bbb458:   0000000000000003 00007fff58bbb480
0x00007fff58bbb468:   00000001074acb02 000000018c0d8c60
0x00007fff58bbb478:   000000018c0d8c60 00007f81ce15b1f0
0x00007fff58bbb488:   000000018a6e56a0 000000018a6e5710
0x00007fff58bbb498:   00007fff750b2770 00007fff7766b500
0x00007fff58bbb4a8:   000000018a6e5450 000000018a6e5690
0x00007fff58bbb4b8:   00007f81ce15b1f0 00007f81c962fc50
0x00007fff58bbb4c8:   00007f81c97416a0 00007f81ce15b1f0
0x00007fff58bbb4d8:   00007f81c962fc50 00007fff58bbb588
0x00007fff58bbb4e8:   00007f81c994c9f8 000000018c0d8c60
0x00007fff58bbb4f8:   00007fff58bbb5b0 00007fff58bbb578
0x00007fff58bbb508:   0000000108c15954 000000018c0d8c60
0x00007fff58bbb518:   00007fff58bbb5b0 00007fff58bbb578
0x00007fff58bbb528:   0000000108c156e7 0000000108c156a2
0x00007fff58bbb538:   00007fff58bbb538 000000018c0d8c60
0x00007fff58bbb548:   00007fff58bbb5b0 000000018c0db898
0x00007fff58bbb558:   0000000000000000 000000018c0d8c60
0x00007fff58bbb568:   0000000000000000 00007fff58bbb598
0x00007fff58bbb578:   00007fff58bbb5f8 0000000108c07c4d
0x00007fff58bbb588:   00000007400ebfe0 0000000108c0f578
0x00007fff58bbb598:   00007f81ce15b1f0 00007fff58bbb5f8
0x00007fff58bbb5a8:   00007f81c962fc50 0000000108c10d82
0x00007fff58bbb5b8:   00007fff58bbb5b8 000000018c0d8e2a
0x00007fff58bbb5c8:   00007fff58bbb620 000000018c0db898
0x00007fff58bbb5d8:   0000000000000000 000000018c0d8e38
0x00007fff58bbb5e8:   00007fff58bbb598 00007fff58bbb608
0x00007fff58bbb5f8:   00007fff58bbb668 0000000108c07c4d
0x00007fff58bbb608:   00007f81ce15b1f0 0000000741361b70
0x00007fff58bbb618:   00007f81c962fc50 0000000741361b70
0x00007fff58bbb628:   00007fff58bbb628 000000018f5f737e
0x00007fff58bbb638:   00007fff58bbb678 000000018f5f7438 

Instructions: (pc=0x00007fff9390e4dd)
0x00007fff9390e4bd:   44 00 00 48 85 ff 2e 74 62 40 f6 c7 01 2e 75 66
0x00007fff9390e4cd:   49 bb f8 ff ff ff ff 7f 00 00 4c 23 1f 49 89 f2
0x00007fff9390e4dd:   45 23 53 18 49 c1 e2 04 4d 03 53 10 49 3b 32 75
0x00007fff9390e4ed:   04 41 ff 62 08 49 83 3a 01 76 0d 49 83 c2 10 49 

Register to memory mapping:

RAX=0x00007f81ce15b1f0 is an unknown value
RBX=0x000000018a6e5450: Java_jogamp_nativewindow_macosx_OSXUtil_GetScreenRefreshRate0+0x1cf0 in /private/var/folders/pl/08wspb0n0gqb_lyxgj0j_bmc0000gn/T/jogamp_0000/file_cache/jln5787316790627007744/jln7580432803675430691/libnativewindow_macosx.jnilib at 0x000000018a6de000
RCX=0x00000001210c5c40 is an unknown value
RDX=0x0000000120fcf120 is an unknown value
RSP=0x00007fff58bbb448 is pointing into the stack for thread: 0x00007f81c994c800
RBP=0x00007fff58bbb500 is pointing into the stack for thread: 0x00007f81c994c800
RSI=0x00007fff93905ce6 is an unknown value
RDI=0x00007f81c962fc50 is an unknown value
R8 =0x0000000000000000 is an unknown value
R9 =0x00000000000008b0 is an unknown value
R10=0x00007fff93905ce6 is an unknown value
R11=0x0000000000000000 is an unknown value
R12=0x0000000000000000 is an unknown value
R13={method} {0x000000018c0d8c60} 'UnsetJAWTRootSurfaceLayer0' '(JJ)V' in 'jogamp/nativewindow/jawt/macosx/MacOSXJAWTWindow'
R14=0x000000018a6e5440: Java_jogamp_nativewindow_macosx_OSXUtil_GetScreenRefreshRate0+0x1ce0 in /private/var/folders/pl/08wspb0n0gqb_lyxgj0j_bmc0000gn/T/jogamp_0000/file_cache/jln5787316790627007744/jln7580432803675430691/libnativewindow_macosx.jnilib at 0x000000018a6de000
R15=0x00007f81c994c800 is a thread


Stack: [0x00007fff583c0000,0x00007fff58bc0000],  sp=0x00007fff58bbb448,  free space=8173k
Native frames: (J=compiled Java code, j=interpreted, Vv=VM code, C=native code)
C  [libobjc.A.dylib+0x14dd]  objc_msgSend+0x1d
j  jogamp.nativewindow.jawt.macosx.MacOSXJAWTWindow.UnsetJAWTRootSurfaceLayer0(JJ)V+0
j  jogamp.nativewindow.jawt.macosx.MacOSXJAWTWindow.access$200(JJ)V+2
j  jogamp.nativewindow.jawt.macosx.MacOSXJAWTWindow$1.run()V+38
j  com.jogamp.common.util.RunnableTask.run()V+24
v  ~StubRoutines::call_stub
V  [libjvm.dylib+0x2ea39e]
V  [libjvm.dylib+0x3214a7]
V  [libjvm.dylib+0x313c7b]
C  [libnativewindow_macosx.jnilib+0x5326]  Java_jogamp_nativewindow_jawt_macosx_MacOSXJAWTWindow_UnsetJAWTRootSurfaceLayer0+0x2b6
C  [Foundation+0x76f5e]  __NSThreadPerformPerform+0x117
C  [CoreFoundation+0xaa881]  __CFRUNLOOP_IS_CALLING_OUT_TO_A_SOURCE0_PERFORM_FUNCTION__+0x11
C  [CoreFoundation+0x89f37]  __CFRunLoopDoSources0+0x1a7
C  [CoreFoundation+0x894df]  __CFRunLoopRun+0x39f
C  [CoreFoundation+0x88ed8]  CFRunLoopRunSpecific+0x128
C  [HIToolbox+0x30935]  RunCurrentEventLoopInMode+0xeb
C  [HIToolbox+0x30677]  ReceiveNextEventCommon+0xb8
C  [HIToolbox+0x305af]  _BlockUntilNextEventMatchingListInModeWithFilter+0x47
C  [AppKit+0x48efa]  _DPSNextEvent+0x42b
C  [AppKit+0x4832a]  -[NSApplication _nextEventMatchingEventMask:untilDate:inMode:dequeue:]+0x1c6
C  [libosxapp.dylib+0x23aa]  -[NSApplicationAWT nextEventMatchingMask:untilDate:inMode:dequeue:]+0x7c
C  [AppKit+0x3ce84]  -[NSApplication run]+0x2aa
C  [libosxapp.dylib+0x214d]  +[NSApplicationAWT runAWTLoopWithApp:]+0x9c
C  [libawt_lwawt.dylib+0x4455b]  -[AWTStarter starter:]+0x389
C  [Foundation+0x76f5e]  __NSThreadPerformPerform+0x117
C  [CoreFoundation+0xaa881]  __CFRUNLOOP_IS_CALLING_OUT_TO_A_SOURCE0_PERFORM_FUNCTION__+0x11
C  [CoreFoundation+0x89fbc]  __CFRunLoopDoSources0+0x22c
C  [CoreFoundation+0x894df]  __CFRunLoopRun+0x39f
C  [CoreFoundation+0x88ed8]  CFRunLoopRunSpecific+0x128
C  [java+0x6463]  CreateExecutionEnvironment+0x367
C  [java+0x21ac]  JLI_Launch+0x7a0
C  [java+0x84c0]  main+0x65
C  [java+0x1a04]  start+0x34
C  0x0000000000000007

Java frames: (J=compiled Java code, j=interpreted, Vv=VM code)
j  jogamp.nativewindow.jawt.macosx.MacOSXJAWTWindow.UnsetJAWTRootSurfaceLayer0(JJ)V+0
j  jogamp.nativewindow.jawt.macosx.MacOSXJAWTWindow.access$200(JJ)V+2
j  jogamp.nativewindow.jawt.macosx.MacOSXJAWTWindow$1.run()V+38
j  com.jogamp.common.util.RunnableTask.run()V+24
v  ~StubRoutines::call_stub

---------------  P R O C E S S  ---------------

Java Threads: ( => current thread )
  0x00007f81ca03a000 JavaThread "Thread-61" [_thread_blocked, id=67963, stack(0x00007000010cd000,0x00007000011cd000)]
  0x00007f81cb15d800 JavaThread "Animation Thread" [_thread_blocked, id=59431, stack(0x00007000017e8000,0x00007000018e8000)]
  0x00007f81ca9a8800 JavaThread "AWT-EventQueue-1" [_thread_in_native, id=58923, stack(0x00007000018eb000,0x00007000019eb000)]
  0x00007f81cb152000 JavaThread "DestroyJavaVM" [_thread_blocked, id=5891, stack(0x000070000011a000,0x000070000021a000)]
  0x00007f81c99f1000 JavaThread "AWT-EventQueue-0" [_thread_blocked, id=54539, stack(0x00007000016e5000,0x00007000017e5000)]
  0x00007f81ca962800 JavaThread "Java2D Disposer" daemon [_thread_blocked, id=49695, stack(0x000070000145c000,0x000070000155c000)]
  0x00007f81ca937800 JavaThread "Java2D Queue Flusher" daemon [_thread_blocked, id=50699, stack(0x0000700001359000,0x0000700001459000)]
  0x00007f81ca10c000 JavaThread "AWT-Shutdown" [_thread_blocked, id=29971, stack(0x00007000011d3000,0x00007000012d3000)]
=>0x00007f81c994c800 JavaThread "AWT-AppKit" daemon [_thread_in_native, id=2571, stack(0x00007fff583c0000,0x00007fff58bc0000)]
  0x00007f81ca81e800 JavaThread "Service Thread" daemon [_thread_blocked, id=18691, stack(0x0000700000e44000,0x0000700000f44000)]
  0x00007f81ca027800 JavaThread "C1 CompilerThread2" daemon [_thread_blocked, id=18179, stack(0x0000700000d41000,0x0000700000e41000)]
  0x00007f81ca026800 JavaThread "C2 CompilerThread1" daemon [_thread_blocked, id=17667, stack(0x0000700000c3e000,0x0000700000d3e000)]
  0x00007f81ca025000 JavaThread "C2 CompilerThread0" daemon [_thread_blocked, id=17155, stack(0x0000700000b3b000,0x0000700000c3b000)]
  0x00007f81ca01b000 JavaThread "Signal Dispatcher" daemon [_thread_blocked, id=16659, stack(0x0000700000a38000,0x0000700000b38000)]
  0x00007f81cb02e800 JavaThread "Finalizer" daemon [_thread_blocked, id=12291, stack(0x000070000082f000,0x000070000092f000)]
  0x00007f81cb005800 JavaThread "Reference Handler" daemon [_thread_blocked, id=11779, stack(0x000070000072c000,0x000070000082c000)]

Other Threads:
  0x00007f81c9827800 VMThread [stack: 0x0000700000629000,0x0000700000729000] [id=11267]
  0x00007f81cb030800 WatcherThread [stack: 0x0000700000f47000,0x0000700001047000] [id=19203]

VM state:not at safepoint (normal execution)

VM Mutex/Monitor currently owned by a thread: None

Heap:
 PSYoungGen      total 67072K, used 43252K [0x0000000795580000, 0x000000079a080000, 0x00000007c0000000)
  eden space 62464K, 69% used [0x0000000795580000,0x0000000797fa5040,0x0000000799280000)
  from space 4608K, 2% used [0x0000000799c00000,0x0000000799c18000,0x000000079a080000)
  to   space 7168K, 0% used [0x0000000799280000,0x0000000799280000,0x0000000799980000)
 ParOldGen       total 87552K, used 26760K [0x0000000740000000, 0x0000000745580000, 0x0000000795580000)
  object space 87552K, 30% used [0x0000000740000000,0x0000000741a221a8,0x0000000745580000)
 Metaspace       used 19592K, capacity 19801K, committed 19968K, reserved 1067008K
  class space    used 1914K, capacity 1987K, committed 2048K, reserved 1048576K

Card table byte_map: [0x0000000117fc0000,0x00000001183c1000] byte_map_base: 0x00000001145c0000

Marking Bits: (ParMarkBitMap*) 0x0000000107b9fea0
 Begin Bits: [0x000000011866c000, 0x000000011a66c000)
 End Bits:   [0x000000011a66c000, 0x000000011c66c000)

Polling page: 0x0000000108349000

CodeCache: size=245760Kb used=8257Kb max_used=8400Kb free=237502Kb
 bounds [0x0000000108c00000, 0x0000000109460000, 0x0000000117c00000]
 total_blobs=3103 nmethods=2228 adapters=788
 compilation: enabled

Compilation events (10 events):
Event: 436.914 Thread 0x00007f81ca027800 2523       3       java.lang.Boolean::valueOf (14 bytes)
Event: 436.915 Thread 0x00007f81ca027800 nmethod 2523 0x0000000108d0c850 code [0x0000000108d0c9c0, 0x0000000108d0cb50]
Event: 436.923 Thread 0x00007f81ca026800 2524       4       java.beans.WeakIdentityMap$Entry::isMatched (22 bytes)
Event: 436.924 Thread 0x00007f81ca026800 nmethod 2524 0x000000010913d590 code [0x000000010913d6e0, 0x000000010913d798]
Event: 436.950 Thread 0x00007f81ca027800 2526  s!   2       sun.misc.URLClassPath::getLoader (197 bytes)
Event: 436.950 Thread 0x00007f81ca025000 2525  s    4       sun.misc.URLClassPath::getNextLoader (88 bytes)
Event: 436.959 Thread 0x00007f81ca027800 nmethod 2526 0x0000000108dfd110 code [0x0000000108dfd400, 0x0000000108dfeb08]
Event: 436.961 Thread 0x00007f81ca027800 2527       3       sun.misc.JarIndex::get (49 bytes)
Event: 436.962 Thread 0x00007f81ca027800 nmethod 2527 0x0000000108ed5c50 code [0x0000000108ed5e20, 0x0000000108ed6698]
Event: 436.965 Thread 0x00007f81ca025000 nmethod 2525 0x0000000108ed7fd0 code [0x0000000108ed8140, 0x0000000108ed88b8]

GC Heap History (10 events):
Event: 373.882 GC heap before
{Heap before GC invocations=24 (full 0):
 PSYoungGen      total 73216K, used 72800K [0x0000000795580000, 0x000000079af80000, 0x00000007c0000000)
  eden space 72704K, 100% used [0x0000000795580000,0x0000000799c80000,0x0000000799c80000)
  from space 512K, 18% used [0x0000000799f00000,0x0000000799f18000,0x0000000799f80000)
  to   space 9728K, 0% used [0x000000079a600000,0x000000079a600000,0x000000079af80000)
 ParOldGen       total 87552K, used 26760K [0x0000000740000000, 0x0000000745580000, 0x0000000795580000)
  object space 87552K, 30% used [0x0000000740000000,0x0000000741a221a8,0x0000000745580000)
 Metaspace       used 19557K, capacity 19737K, committed 19968K, reserved 1067008K
  class space    used 1907K, capacity 1987K, committed 2048K, reserved 1048576K
Event: 373.883 GC heap after
Heap after GC invocations=24 (full 0):
 PSYoungGen      total 77312K, used 96K [0x0000000795580000, 0x000000079ac80000, 0x00000007c0000000)
  eden space 70656K, 0% used [0x0000000795580000,0x0000000795580000,0x0000000799a80000)
  from space 6656K, 1% used [0x000000079a600000,0x000000079a618000,0x000000079ac80000)
  to   space 9216K, 0% used [0x0000000799a80000,0x0000000799a80000,0x000000079a380000)
 ParOldGen       total 87552K, used 26760K [0x0000000740000000, 0x0000000745580000, 0x0000000795580000)
  object space 87552K, 30% used [0x0000000740000000,0x0000000741a221a8,0x0000000745580000)
 Metaspace       used 19557K, capacity 19737K, committed 19968K, reserved 1067008K
  class space    used 1907K, capacity 1987K, committed 2048K, reserved 1048576K
}
Event: 387.921 GC heap before
{Heap before GC invocations=25 (full 0):
 PSYoungGen      total 77312K, used 70752K [0x0000000795580000, 0x000000079ac80000, 0x00000007c0000000)
  eden space 70656K, 100% used [0x0000000795580000,0x0000000799a80000,0x0000000799a80000)
  from space 6656K, 1% used [0x000000079a600000,0x000000079a618000,0x000000079ac80000)
  to   space 9216K, 0% used [0x0000000799a80000,0x0000000799a80000,0x000000079a380000)
 ParOldGen       total 87552K, used 26760K [0x0000000740000000, 0x0000000745580000, 0x0000000795580000)
  object space 87552K, 30% used [0x0000000740000000,0x0000000741a221a8,0x0000000745580000)
 Metaspace       used 19557K, capacity 19737K, committed 19968K, reserved 1067008K
  class space    used 1907K, capacity 1987K, committed 2048K, reserved 1048576K
Event: 387.922 GC heap after
Heap after GC invocations=25 (full 0):
 PSYoungGen      total 69120K, used 64K [0x0000000795580000, 0x000000079a980000, 0x00000007c0000000)
  eden space 68608K, 0% used [0x0000000795580000,0x0000000795580000,0x0000000799880000)
  from space 512K, 12% used [0x0000000799a80000,0x0000000799a90000,0x0000000799b00000)
  to   space 8704K, 0% used [0x000000079a100000,0x000000079a100000,0x000000079a980000)
 ParOldGen       total 87552K, used 26760K [0x0000000740000000, 0x0000000745580000, 0x0000000795580000)
  object space 87552K, 30% used [0x0000000740000000,0x0000000741a221a8,0x0000000745580000)
 Metaspace       used 19557K, capacity 19737K, committed 19968K, reserved 1067008K
  class space    used 1907K, capacity 1987K, committed 2048K, reserved 1048576K
}
Event: 401.608 GC heap before
{Heap before GC invocations=26 (full 0):
 PSYoungGen      total 69120K, used 68672K [0x0000000795580000, 0x000000079a980000, 0x00000007c0000000)
  eden space 68608K, 100% used [0x0000000795580000,0x0000000799880000,0x0000000799880000)
  from space 512K, 12% used [0x0000000799a80000,0x0000000799a90000,0x0000000799b00000)
  to   space 8704K, 0% used [0x000000079a100000,0x000000079a100000,0x000000079a980000)
 ParOldGen       total 87552K, used 26760K [0x0000000740000000, 0x0000000745580000, 0x0000000795580000)
  object space 87552K, 30% used [0x0000000740000000,0x0000000741a221a8,0x0000000745580000)
 Metaspace       used 19557K, capacity 19737K, committed 19968K, reserved 1067008K
  class space    used 1907K, capacity 1987K, committed 2048K, reserved 1048576K
Event: 401.619 GC heap after
Heap after GC invocations=26 (full 0):
 PSYoungGen      total 72192K, used 64K [0x0000000795580000, 0x000000079a680000, 0x00000007c0000000)
  eden space 66560K, 0% used [0x0000000795580000,0x0000000795580000,0x0000000799680000)
  from space 5632K, 1% used [0x000000079a100000,0x000000079a110000,0x000000079a680000)
  to   space 8192K, 0% used [0x0000000799680000,0x0000000799680000,0x0000000799e80000)
 ParOldGen       total 87552K, used 26760K [0x0000000740000000, 0x0000000745580000, 0x0000000795580000)
  object space 87552K, 30% used [0x0000000740000000,0x0000000741a221a8,0x0000000745580000)
 Metaspace       used 19557K, capacity 19737K, committed 19968K, reserved 1067008K
  class space    used 1907K, capacity 1987K, committed 2048K, reserved 1048576K
}
Event: 415.092 GC heap before
{Heap before GC invocations=27 (full 0):
 PSYoungGen      total 72192K, used 66624K [0x0000000795580000, 0x000000079a680000, 0x00000007c0000000)
  eden space 66560K, 100% used [0x0000000795580000,0x0000000799680000,0x0000000799680000)
  from space 5632K, 1% used [0x000000079a100000,0x000000079a110000,0x000000079a680000)
  to   space 8192K, 0% used [0x0000000799680000,0x0000000799680000,0x0000000799e80000)
 ParOldGen       total 87552K, used 26760K [0x0000000740000000, 0x0000000745580000, 0x0000000795580000)
  object space 87552K, 30% used [0x0000000740000000,0x0000000741a221a8,0x0000000745580000)
 Metaspace       used 19557K, capacity 19737K, committed 19968K, reserved 1067008K
  class space    used 1907K, capacity 1987K, committed 2048K, reserved 1048576K
Event: 415.094 GC heap after
Heap after GC invocations=27 (full 0):
 PSYoungGen      total 65024K, used 64K [0x0000000795580000, 0x000000079a380000, 0x00000007c0000000)
  eden space 64512K, 0% used [0x0000000795580000,0x0000000795580000,0x0000000799480000)
  from space 512K, 12% used [0x0000000799680000,0x0000000799690000,0x0000000799700000)
  to   space 7680K, 0% used [0x0000000799c00000,0x0000000799c00000,0x000000079a380000)
 ParOldGen       total 87552K, used 26760K [0x0000000740000000, 0x0000000745580000, 0x0000000795580000)
  object space 87552K, 30% used [0x0000000740000000,0x0000000741a221a8,0x0000000745580000)
 Metaspace       used 19557K, capacity 19737K, committed 19968K, reserved 1067008K
  class space    used 1907K, capacity 1987K, committed 2048K, reserved 1048576K
}
Event: 428.059 GC heap before
{Heap before GC invocations=28 (full 0):
 PSYoungGen      total 65024K, used 64576K [0x0000000795580000, 0x000000079a380000, 0x00000007c0000000)
  eden space 64512K, 100% used [0x0000000795580000,0x0000000799480000,0x0000000799480000)
  from space 512K, 12% used [0x0000000799680000,0x0000000799690000,0x0000000799700000)
  to   space 7680K, 0% used [0x0000000799c00000,0x0000000799c00000,0x000000079a380000)
 ParOldGen       total 87552K, used 26760K [0x0000000740000000, 0x0000000745580000, 0x0000000795580000)
  object space 87552K, 30% used [0x0000000740000000,0x0000000741a221a8,0x0000000745580000)
 Metaspace       used 19557K, capacity 19737K, committed 19968K, reserved 1067008K
  class space    used 1907K, capacity 1987K, committed 2048K, reserved 1048576K
Event: 428.071 GC heap after
Heap after GC invocations=28 (full 0):
 PSYoungGen      total 67072K, used 96K [0x0000000795580000, 0x000000079a080000, 0x00000007c0000000)
  eden space 62464K, 0% used [0x0000000795580000,0x0000000795580000,0x0000000799280000)
  from space 4608K, 2% used [0x0000000799c00000,0x0000000799c18000,0x000000079a080000)
  to   space 7168K, 0% used [0x0000000799280000,0x0000000799280000,0x0000000799980000)
 ParOldGen       total 87552K, used 26760K [0x0000000740000000, 0x0000000745580000, 0x0000000795580000)
  object space 87552K, 30% used [0x0000000740000000,0x0000000741a221a8,0x0000000745580000)
 Metaspace       used 19557K, capacity 19737K, committed 19968K, reserved 1067008K
  class space    used 1907K, capacity 1987K, committed 2048K, reserved 1048576K
}

Deoptimization events (10 events):
Event: 436.914 Thread 0x00007f81ca9a8800 Uncommon trap: reason=unstable_if action=reinterpret pc=0x0000000108fdc70c method=java.awt.EventQueue.uncacheEQItem(Lsun/awt/EventQueueItem;)V @ 23
Event: 436.919 Thread 0x00007f81ca199000 Uncommon trap: reason=unstable_if action=reinterpret pc=0x0000000109377e74 method=java.util.HashMap.putVal(ILjava/lang/Object;Ljava/lang/Object;ZZ)Ljava/lang/Object; @ 81
Event: 436.921 Thread 0x00007f81c99f1000 Uncommon trap: reason=class_check action=maybe_recompile pc=0x0000000108f539dc method=java.awt.Component.getGraphics()Ljava/awt/Graphics; @ 114
Event: 436.930 Thread 0x00007f81c994c800 Uncommon trap: reason=class_check action=maybe_recompile pc=0x0000000108fe1080 method=com.jogamp.common.util.RunnableTask.run()V @ 24
Event: 436.932 Thread 0x00007f81c994c800 Uncommon trap: reason=unstable_if action=reinterpret pc=0x000000010904d5bc method=jogamp.nativewindow.macosx.OSXUtil.RunOnMainThread(ZZLjava/lang/Runnable;)V @ 3
Event: 436.949 Thread 0x00007f81ca9a8800 Uncommon trap: reason=unstable_if action=reinterpret pc=0x0000000108fc9298 method=jogamp.opengl.GLContextImpl.release(Z)V @ 161
Event: 436.962 Thread 0x00007f81ca9a8800 Uncommon trap: reason=unstable_if action=reinterpret pc=0x00000001090d2a18 method=java.util.LinkedList$ListItr.<init>(Ljava/util/LinkedList;I)V @ 26
Event: 436.964 Thread 0x00007f81ca9a8800 Uncommon trap: reason=unstable_if action=reinterpret pc=0x00000001092a5f14 method=java.security.AccessControlContext.optimize()Ljava/security/AccessControlContext; @ 233
Event: 436.971 Thread 0x00007f81c99f1000 Uncommon trap: reason=class_check action=maybe_recompile pc=0x0000000108f539dc method=java.awt.Component.getGraphics()Ljava/awt/Graphics; @ 114
Event: 436.975 Thread 0x00007f81c994c800 Uncommon trap: reason=class_check action=maybe_recompile pc=0x0000000108fe1080 method=com.jogamp.common.util.RunnableTask.run()V @ 24

Internal exceptions (10 events):
Event: 0.223 Thread 0x00007f81ca802800 Exception <a 'java/lang/NoSuchFieldError': method resolution failed> (0x0000000795785fa8) thrown at [/Users/java_re/workspace/8-2-build-macosx-x86_64/jdk8u74/6087/hotspot/src/share/vm/prims/methodHandles.cpp, line 1146]
Event: 0.233 Thread 0x00007f81ca802800 Exception <a 'java/lang/NoSuchFieldError': method resolution failed> (0x0000000795793778) thrown at [/Users/java_re/workspace/8-2-build-macosx-x86_64/jdk8u74/6087/hotspot/src/share/vm/prims/methodHandles.cpp, line 1146]
Event: 0.442 Thread 0x00007f81ca802800 Exception <a 'java/io/FileNotFoundException'> (0x000000079580f540) thrown at [/Users/java_re/workspace/8-2-build-macosx-x86_64/jdk8u74/6087/hotspot/src/share/vm/prims/jni.cpp, line 709]
Event: 0.444 Thread 0x00007f81ca802800 Exception <a 'java/io/FileNotFoundException'> (0x0000000795810088) thrown at [/Users/java_re/workspace/8-2-build-macosx-x86_64/jdk8u74/6087/hotspot/src/share/vm/prims/jni.cpp, line 709]
Event: 0.588 Thread 0x00007f81ca802800 Exception <a 'java/io/FileNotFoundException'> (0x0000000795950348) thrown at [/Users/java_re/workspace/8-2-build-macosx-x86_64/jdk8u74/6087/hotspot/src/share/vm/prims/jni.cpp, line 709]
Event: 2.498 Thread 0x00007f81cb15d800 Exception <a 'java/lang/UnsatisfiedLinkError': com.jogamp.common.util.JarUtil.fixNativeLibAttribs(Ljava/lang/String;)Z> (0x0000000796bc29e8) thrown at [/Users/java_re/workspace/8-2-build-macosx-x86_64/jdk8u74/6087/hotspot/src/share/vm/prims/nativeLookup.c
Event: 2.948 Thread 0x00007f81cb02e800 Exception <a 'java/lang/NullPointerException'> (0x00000007956a6050) thrown at [/Users/java_re/workspace/8-2-build-macosx-x86_64/jdk8u74/6087/hotspot/src/share/vm/interpreter/linkResolver.cpp, line 1178]
Event: 3.554 Thread 0x00007f81ca9a8800 Exception <a 'java/io/FileNotFoundException'> (0x0000000795f58e48) thrown at [/Users/java_re/workspace/8-2-build-macosx-x86_64/jdk8u74/6087/hotspot/src/share/vm/prims/jni.cpp, line 709]
Event: 3.554 Thread 0x00007f81ca9a8800 Exception <a 'java/io/FileNotFoundException'> (0x0000000795f60c88) thrown at [/Users/java_re/workspace/8-2-build-macosx-x86_64/jdk8u74/6087/hotspot/src/share/vm/prims/jni.cpp, line 709]
Event: 3.555 Thread 0x00007f81ca9a8800 Implicit null exception at 0x0000000108da2375 to 0x0000000108da26d9

Events (10 events):
Event: 436.970 loading class java/awt/Toolkit$ToolkitEventMulticaster done
Event: 436.971 Thread 0x00007f81ca199000 Thread exited: 0x00007f81ca199000
Event: 436.971 Thread 0x00007f81c99f1000 Uncommon trap: trap_request=0xffffffde fr.pc=0x0000000108f539dc
Event: 436.971 Thread 0x00007f81c99f1000 DEOPT PACKING pc=0x0000000108f539dc sp=0x00007000017e2b80
Event: 436.971 Thread 0x00007f81c99f1000 DEOPT UNPACKING pc=0x0000000108c05229 sp=0x00007000017e2b90 mode 2
Event: 436.972 loading class java/awt/Window$1DisposeAction
Event: 436.972 loading class java/awt/Window$1DisposeAction done
Event: 436.975 Thread 0x00007f81c994c800 Uncommon trap: trap_request=0xffffffde fr.pc=0x0000000108fe1080
Event: 436.975 Thread 0x00007f81c994c800 DEOPT PACKING pc=0x0000000108fe1080 sp=0x00007fff58bbb6c0
Event: 436.975 Thread 0x00007f81c994c800 DEOPT UNPACKING pc=0x0000000108c05229 sp=0x00007fff58bbb668 mode 2


Dynamic libraries:
0x00000000037ce000 	/System/Library/Frameworks/Cocoa.framework/Versions/A/Cocoa
0x00000000037ce000 	/System/Library/Frameworks/Security.framework/Versions/A/Security
0x00000000037ce000 	/System/Library/Frameworks/ApplicationServices.framework/Versions/A/ApplicationServices
0x00000000037ce000 	/usr/lib/libz.1.dylib
0x00000000037ce000 	/usr/lib/libSystem.B.dylib
0x00000000037ce000 	/usr/lib/libobjc.A.dylib
0x00000000037ce000 	/System/Library/Frameworks/CoreFoundation.framework/Versions/A/CoreFoundation
0x00000000037ce000 	/System/Library/Frameworks/Foundation.framework/Versions/C/Foundation
0x00000000037ce000 	/System/Library/Frameworks/AppKit.framework/Versions/C/AppKit
0x00000000037ce000 	/System/Library/Frameworks/CoreData.framework/Versions/A/CoreData
0x00000000037ce000 	/System/Library/PrivateFrameworks/RemoteViewServices.framework/Versions/A/RemoteViewServices
0x00000000037ce000 	/System/Library/PrivateFrameworks/UIFoundation.framework/Versions/A/UIFoundation
0x00000000037ce000 	/usr/lib/libScreenReader.dylib
0x00000000037ce000 	/System/Library/Frameworks/Accelerate.framework/Versions/A/Accelerate
0x00000000037ce000 	/System/Library/Frameworks/IOSurface.framework/Versions/A/IOSurface
0x00000000037ce000 	/System/Library/Frameworks/AudioToolbox.framework/Versions/A/AudioToolbox
0x00000000037ce000 	/System/Library/Frameworks/AudioUnit.framework/Versions/A/AudioUnit
0x00000000037ce000 	/System/Library/PrivateFrameworks/DataDetectorsCore.framework/Versions/A/DataDetectorsCore
0x00000000037ce000 	/System/Library/PrivateFrameworks/DesktopServicesPriv.framework/Versions/A/DesktopServicesPriv
0x00000000037ce000 	/System/Library/Frameworks/Carbon.framework/Versions/A/Frameworks/HIToolbox.framework/Versions/A/HIToolbox
0x00000000037ce000 	/System/Library/Frameworks/QuartzCore.framework/Versions/A/QuartzCore
0x00000000037ce000 	/System/Library/Frameworks/Carbon.framework/Versions/A/Frameworks/SpeechRecognition.framework/Versions/A/SpeechRecognition
0x00000000037ce000 	/usr/lib/libauto.dylib
0x00000000037ce000 	/usr/lib/libicucore.A.dylib
0x00000000037ce000 	/usr/lib/libxml2.2.dylib
0x00000000037ce000 	/System/Library/PrivateFrameworks/CoreUI.framework/Versions/A/CoreUI
0x00000000037ce000 	/System/Library/Frameworks/CoreAudio.framework/Versions/A/CoreAudio
0x00000000037ce000 	/System/Library/Frameworks/DiskArbitration.framework/Versions/A/DiskArbitration
0x00000000037ce000 	/usr/lib/liblangid.dylib
0x00000000037ce000 	/System/Library/PrivateFrameworks/MultitouchSupport.framework/Versions/A/MultitouchSupport
0x00000000037ce000 	/System/Library/Frameworks/IOKit.framework/Versions/A/IOKit
0x00000000037ce000 	/usr/lib/libDiagnosticMessagesClient.dylib
0x00000000037ce000 	/System/Library/Frameworks/CoreServices.framework/Versions/A/CoreServices
0x00000000037ce000 	/System/Library/PrivateFrameworks/PerformanceAnalysis.framework/Versions/A/PerformanceAnalysis
0x00000000037ce000 	/System/Library/PrivateFrameworks/GenerationalStorage.framework/Versions/A/GenerationalStorage
0x00000000037ce000 	/System/Library/Frameworks/OpenGL.framework/Versions/A/OpenGL
0x00000000037ce000 	/System/Library/PrivateFrameworks/Sharing.framework/Versions/A/Sharing
0x00000000037ce000 	/System/Library/Frameworks/CoreGraphics.framework/Versions/A/CoreGraphics
0x00000000037ce000 	/System/Library/Frameworks/CoreImage.framework/Versions/A/CoreImage
0x00000000037ce000 	/System/Library/Frameworks/CoreText.framework/Versions/A/CoreText
0x00000000037ce000 	/System/Library/Frameworks/ImageIO.framework/Versions/A/ImageIO
0x00000000037ce000 	/System/Library/PrivateFrameworks/Backup.framework/Versions/A/Backup
0x00000000037ce000 	/usr/lib/libextension.dylib
0x00000000037ce000 	/usr/lib/libarchive.2.dylib
0x00000000037ce000 	/System/Library/Frameworks/CFNetwork.framework/Versions/A/CFNetwork
0x00000000037ce000 	/System/Library/Frameworks/SystemConfiguration.framework/Versions/A/SystemConfiguration
0x00000000037ce000 	/usr/lib/libCRFSuite.dylib
0x00000000037ce000 	/usr/lib/libc++.1.dylib
0x00000000037ce000 	/usr/lib/libc++abi.dylib
0x00000000037ce000 	/usr/lib/system/libcache.dylib
0x00000000037ce000 	/usr/lib/system/libcommonCrypto.dylib
0x00000000037ce000 	/usr/lib/system/libcompiler_rt.dylib
0x00000000037ce000 	/usr/lib/system/libcopyfile.dylib
0x00000000037ce000 	/usr/lib/system/libcorecrypto.dylib
0x00000000037ce000 	/usr/lib/system/libdispatch.dylib
0x00000000037ce000 	/usr/lib/system/libdyld.dylib
0x00000000037ce000 	/usr/lib/system/libkeymgr.dylib
0x00000000037ce000 	/usr/lib/system/liblaunch.dylib
0x00000000037ce000 	/usr/lib/system/libmacho.dylib
0x00000000037ce000 	/usr/lib/system/libquarantine.dylib
0x00000000037ce000 	/usr/lib/system/libremovefile.dylib
0x00000000037ce000 	/usr/lib/system/libsystem_asl.dylib
0x00000000037ce000 	/usr/lib/system/libsystem_blocks.dylib
0x00000000037ce000 	/usr/lib/system/libsystem_c.dylib
0x00000000037ce000 	/usr/lib/system/libsystem_configuration.dylib
0x00000000037ce000 	/usr/lib/system/libsystem_coreservices.dylib
0x00000000037ce000 	/usr/lib/system/libsystem_coretls.dylib
0x00000000037ce000 	/usr/lib/system/libsystem_dnssd.dylib
0x00000000037ce000 	/usr/lib/system/libsystem_info.dylib
0x00000000037ce000 	/usr/lib/system/libsystem_kernel.dylib
0x00000000037ce000 	/usr/lib/system/libsystem_m.dylib
0x00000000037ce000 	/usr/lib/system/libsystem_malloc.dylib
0x00000000037ce000 	/usr/lib/system/libsystem_network.dylib
0x00000000037ce000 	/usr/lib/system/libsystem_networkextension.dylib
0x00000000037ce000 	/usr/lib/system/libsystem_notify.dylib
0x00000000037ce000 	/usr/lib/system/libsystem_platform.dylib
0x00000000037ce000 	/usr/lib/system/libsystem_pthread.dylib
0x00000000037ce000 	/usr/lib/system/libsystem_sandbox.dylib
0x00000000037ce000 	/usr/lib/system/libsystem_secinit.dylib
0x00000000037ce000 	/usr/lib/system/libsystem_trace.dylib
0x00000000037ce000 	/usr/lib/system/libunc.dylib
0x00000000037ce000 	/usr/lib/system/libunwind.dylib
0x00000000037ce000 	/usr/lib/system/libxpc.dylib
0x00000000037ce000 	/usr/lib/libenergytrace.dylib
0x00000000037ce000 	/usr/lib/libbsm.0.dylib
0x00000000037ce000 	/usr/lib/system/libkxld.dylib
0x00000000037ce000 	/usr/lib/libxar.1.dylib
0x00000000037ce000 	/usr/lib/libsqlite3.dylib
0x00000000037ce000 	/usr/lib/libpam.2.dylib
0x00000000037ce000 	/usr/lib/libOpenScriptingUtil.dylib
0x00000000037ce000 	/usr/lib/libbz2.1.0.dylib
0x00000000037ce000 	/usr/lib/liblzma.5.dylib
0x00000000037ce000 	/System/Library/Frameworks/CoreServices.framework/Versions/A/Frameworks/FSEvents.framework/Versions/A/FSEvents
0x00000000037ce000 	/System/Library/Frameworks/CoreServices.framework/Versions/A/Frameworks/CarbonCore.framework/Versions/A/CarbonCore
0x00000000037ce000 	/System/Library/Frameworks/CoreServices.framework/Versions/A/Frameworks/Metadata.framework/Versions/A/Metadata
0x00000000037ce000 	/System/Library/Frameworks/CoreServices.framework/Versions/A/Frameworks/OSServices.framework/Versions/A/OSServices
0x00000000037ce000 	/System/Library/Frameworks/CoreServices.framework/Versions/A/Frameworks/SearchKit.framework/Versions/A/SearchKit
0x00000000037ce000 	/System/Library/Frameworks/CoreServices.framework/Versions/A/Frameworks/AE.framework/Versions/A/AE
0x00000000037ce000 	/System/Library/Frameworks/CoreServices.framework/Versions/A/Frameworks/LaunchServices.framework/Versions/A/LaunchServices
0x00000000037ce000 	/System/Library/Frameworks/CoreServices.framework/Versions/A/Frameworks/DictionaryServices.framework/Versions/A/DictionaryServices
0x00000000037ce000 	/System/Library/Frameworks/CoreServices.framework/Versions/A/Frameworks/SharedFileList.framework/Versions/A/SharedFileList
0x00000000037ce000 	/System/Library/Frameworks/NetFS.framework/Versions/A/NetFS
0x00000000037ce000 	/System/Library/PrivateFrameworks/NetAuth.framework/Versions/A/NetAuth
0x00000000037ce000 	/System/Library/PrivateFrameworks/login.framework/Versions/A/Frameworks/loginsupport.framework/Versions/A/loginsupport
0x00000000037ce000 	/System/Library/PrivateFrameworks/TCC.framework/Versions/A/TCC
0x00000000037ce000 	/usr/lib/libmecabra.dylib
0x00000000037ce000 	/System/Library/Frameworks/ApplicationServices.framework/Versions/A/Frameworks/ATS.framework/Versions/A/ATS
0x00000000037ce000 	/System/Library/Frameworks/ApplicationServices.framework/Versions/A/Frameworks/ColorSync.framework/Versions/A/ColorSync
0x00000000037ce000 	/System/Library/Frameworks/ApplicationServices.framework/Versions/A/Frameworks/HIServices.framework/Versions/A/HIServices
0x00000000037ce000 	/System/Library/Frameworks/ApplicationServices.framework/Versions/A/Frameworks/LangAnalysis.framework/Versions/A/LangAnalysis
0x00000000037ce000 	/System/Library/Frameworks/ApplicationServices.framework/Versions/A/Frameworks/PrintCore.framework/Versions/A/PrintCore
0x00000000037ce000 	/System/Library/Frameworks/ApplicationServices.framework/Versions/A/Frameworks/QD.framework/Versions/A/QD
0x00000000037ce000 	/System/Library/Frameworks/ApplicationServices.framework/Versions/A/Frameworks/SpeechSynthesis.framework/Versions/A/SpeechSynthesis
0x00000000037ce000 	/System/Library/Frameworks/Metal.framework/Versions/A/Metal
0x00000000037ce000 	/System/Library/Frameworks/Accelerate.framework/Versions/A/Frameworks/vImage.framework/Versions/A/vImage
0x00000000037ce000 	/System/Library/Frameworks/Accelerate.framework/Versions/A/Frameworks/vecLib.framework/Versions/A/vecLib
0x00000000037ce000 	/System/Library/Frameworks/Accelerate.framework/Versions/A/Frameworks/vecLib.framework/Versions/A/libvDSP.dylib
0x00000000037ce000 	/System/Library/Frameworks/Accelerate.framework/Versions/A/Frameworks/vecLib.framework/Versions/A/libvMisc.dylib
0x00000000037ce000 	/System/Library/Frameworks/Accelerate.framework/Versions/A/Frameworks/vecLib.framework/Versions/A/libLAPACK.dylib
0x00000000037ce000 	/System/Library/Frameworks/Accelerate.framework/Versions/A/Frameworks/vecLib.framework/Versions/A/libBLAS.dylib
0x00000000037ce000 	/System/Library/Frameworks/Accelerate.framework/Versions/A/Frameworks/vecLib.framework/Versions/A/libLinearAlgebra.dylib
0x00000000037ce000 	/System/Library/Frameworks/Accelerate.framework/Versions/A/Frameworks/vecLib.framework/Versions/A/libSparseBLAS.dylib
0x00000000037ce000 	/System/Library/PrivateFrameworks/GPUCompiler.framework/libmetal_timestamp.dylib
0x00000000037ce000 	/System/Library/Frameworks/OpenGL.framework/Versions/A/Libraries/libCoreFSCache.dylib
0x00000000037ce000 	/System/Library/PrivateFrameworks/IOAccelerator.framework/Versions/A/IOAccelerator
0x00000000037ce000 	/System/Library/Frameworks/ApplicationServices.framework/Versions/A/Frameworks/ATS.framework/Versions/A/Resources/libFontParser.dylib
0x00000000037ce000 	/System/Library/Frameworks/ApplicationServices.framework/Versions/A/Frameworks/ATS.framework/Versions/A/Resources/libFontRegistry.dylib
0x00000000037ce000 	/System/Library/PrivateFrameworks/AppleVPA.framework/Versions/A/AppleVPA
0x00000000037ce000 	/System/Library/PrivateFrameworks/AppleJPEG.framework/Versions/A/AppleJPEG
0x00000000037ce000 	/System/Library/Frameworks/ImageIO.framework/Versions/A/Resources/libJPEG.dylib
0x00000000037ce000 	/System/Library/Frameworks/ImageIO.framework/Versions/A/Resources/libTIFF.dylib
0x00000000037ce000 	/System/Library/Frameworks/ImageIO.framework/Versions/A/Resources/libPng.dylib
0x00000000037ce000 	/System/Library/Frameworks/ImageIO.framework/Versions/A/Resources/libGIF.dylib
0x00000000037ce000 	/System/Library/Frameworks/ImageIO.framework/Versions/A/Resources/libJP2.dylib
0x00000000037ce000 	/System/Library/Frameworks/ImageIO.framework/Versions/A/Resources/libRadiance.dylib
0x00000000037ce000 	/System/Library/Frameworks/CoreVideo.framework/Versions/A/CoreVideo
0x00000000037ce000 	/System/Library/Frameworks/OpenGL.framework/Versions/A/Libraries/libGLU.dylib
0x00000000037ce000 	/System/Library/Frameworks/OpenGL.framework/Versions/A/Libraries/libGFXShared.dylib
0x00000000037ce000 	/System/Library/Frameworks/OpenGL.framework/Versions/A/Libraries/libGL.dylib
0x00000000037ce000 	/System/Library/Frameworks/OpenGL.framework/Versions/A/Libraries/libGLImage.dylib
0x00000000037ce000 	/System/Library/Frameworks/OpenGL.framework/Versions/A/Libraries/libCVMSPluginSupport.dylib
0x00000000037ce000 	/System/Library/Frameworks/OpenGL.framework/Versions/A/Libraries/libCoreVMClient.dylib
0x00000000037ce000 	/usr/lib/libcups.2.dylib
0x00000000037ce000 	/System/Library/Frameworks/Kerberos.framework/Versions/A/Kerberos
0x00000000037ce000 	/System/Library/Frameworks/GSS.framework/Versions/A/GSS
0x00000000037ce000 	/usr/lib/libresolv.9.dylib
0x00000000037ce000 	/usr/lib/libiconv.2.dylib
0x00000000037ce000 	/System/Library/PrivateFrameworks/Heimdal.framework/Versions/A/Heimdal
0x00000000037ce000 	/usr/lib/libheimdal-asn1.dylib
0x00000000037ce000 	/System/Library/Frameworks/OpenDirectory.framework/Versions/A/OpenDirectory
0x00000000037ce000 	/System/Library/PrivateFrameworks/CommonAuth.framework/Versions/A/CommonAuth
0x00000000037ce000 	/System/Library/Frameworks/OpenDirectory.framework/Versions/A/Frameworks/CFOpenDirectory.framework/Versions/A/CFOpenDirectory
0x00000000037ce000 	/System/Library/Frameworks/SecurityFoundation.framework/Versions/A/SecurityFoundation
0x00000000037ce000 	/System/Library/PrivateFrameworks/LanguageModeling.framework/Versions/A/LanguageModeling
0x00000000037ce000 	/usr/lib/libmarisa.dylib
0x00000000037ce000 	/usr/lib/libChineseTokenizer.dylib
0x00000000037ce000 	/usr/lib/libcmph.dylib
0x00000000037ce000 	/usr/lib/libcompression.dylib
0x00000000037ce000 	/System/Library/Frameworks/ServiceManagement.framework/Versions/A/ServiceManagement
0x00000000037ce000 	/usr/lib/libxslt.1.dylib
0x00000000037ce000 	/System/Library/Frameworks/Carbon.framework/Versions/A/Frameworks/Ink.framework/Versions/A/Ink
0x00000000037ce000 	/usr/lib/libFosl_dynamic.dylib
0x00000000037ce000 	/System/Library/PrivateFrameworks/FaceCore.framework/Versions/A/FaceCore
0x00000000037ce000 	/System/Library/Frameworks/OpenCL.framework/Versions/A/OpenCL
0x00000000037ce000 	/System/Library/PrivateFrameworks/CrashReporterSupport.framework/Versions/A/CrashReporterSupport
0x00000000037ce000 	/System/Library/PrivateFrameworks/IconServices.framework/Versions/A/IconServices
0x00000000037ce000 	/System/Library/PrivateFrameworks/Apple80211.framework/Versions/A/Apple80211
0x00000000037ce000 	/System/Library/Frameworks/CoreWLAN.framework/Versions/A/CoreWLAN
0x00000000037ce000 	/System/Library/Frameworks/IOBluetooth.framework/Versions/A/IOBluetooth
0x00000000037ce000 	/System/Library/PrivateFrameworks/CoreWiFi.framework/Versions/A/CoreWiFi
0x00000000037ce000 	/System/Library/Frameworks/CoreBluetooth.framework/Versions/A/CoreBluetooth
0x00000000037ce000 	/System/Library/PrivateFrameworks/ChunkingLibrary.framework/Versions/A/ChunkingLibrary
0x00000000037ce000 	/System/Library/PrivateFrameworks/DebugSymbols.framework/Versions/A/DebugSymbols
0x00000000037ce000 	/System/Library/PrivateFrameworks/CoreSymbolication.framework/Versions/A/CoreSymbolication
0x00000000037ce000 	/System/Library/PrivateFrameworks/Symbolication.framework/Versions/A/Symbolication
0x00000000037ce000 	/System/Library/PrivateFrameworks/SpeechRecognitionCore.framework/Versions/A/SpeechRecognitionCore
0x00000001072bc000 	/Library/Java/JavaVirtualMachines/jdk1.8.0_74.jdk/Contents/Home/jre/lib/server/libjvm.dylib
0x000000010824b000 	/usr/lib/libstdc++.6.dylib
0x0000000108306000 	/Library/Java/JavaVirtualMachines/jdk1.8.0_74.jdk/Contents/Home/jre/lib/libverify.dylib
0x0000000108314000 	/Library/Java/JavaVirtualMachines/jdk1.8.0_74.jdk/Contents/Home/jre/lib/libjava.dylib
0x0000000108353000 	/Library/Java/JavaVirtualMachines/jdk1.8.0_74.jdk/Contents/Home/jre/lib/libzip.dylib
0x000000011e4c1000 	/System/Library/Frameworks/JavaVM.framework/Frameworks/JavaRuntimeSupport.framework/JavaRuntimeSupport
0x000000011e4dc000 	/System/Library/Frameworks/JavaVM.framework/Versions/A/Frameworks/JavaNativeFoundation.framework/Versions/A/JavaNativeFoundation
0x000000011e4f1000 	/System/Library/Frameworks/JavaVM.framework/Versions/A/JavaVM
0x00000000037ce000 	/System/Library/Frameworks/Carbon.framework/Versions/A/Carbon
0x000000011e4fe000 	/System/Library/PrivateFrameworks/JavaLaunching.framework/Versions/A/JavaLaunching
0x00000000037ce000 	/System/Library/Frameworks/Carbon.framework/Versions/A/Frameworks/CommonPanels.framework/Versions/A/CommonPanels
0x00000000037ce000 	/System/Library/Frameworks/Carbon.framework/Versions/A/Frameworks/Help.framework/Versions/A/Help
0x00000000037ce000 	/System/Library/Frameworks/Carbon.framework/Versions/A/Frameworks/ImageCapture.framework/Versions/A/ImageCapture
0x00000000037ce000 	/System/Library/Frameworks/Carbon.framework/Versions/A/Frameworks/OpenScripting.framework/Versions/A/OpenScripting
0x00000000037ce000 	/System/Library/Frameworks/Carbon.framework/Versions/A/Frameworks/Print.framework/Versions/A/Print
0x00000000037ce000 	/System/Library/Frameworks/Carbon.framework/Versions/A/Frameworks/SecurityHI.framework/Versions/A/SecurityHI
0x000000011fe20000 	/Library/Java/JavaVirtualMachines/jdk1.8.0_74.jdk/Contents/Home/jre/lib/libawt.dylib
0x000000011fec8000 	/Library/Java/JavaVirtualMachines/jdk1.8.0_74.jdk/Contents/Home/jre/lib/./libmlib_image.dylib
0x000000011ff94000 	/Library/Java/JavaVirtualMachines/jdk1.8.0_74.jdk/Contents/Home/jre/lib/libawt_lwawt.dylib
0x0000000120049000 	/Library/Java/JavaVirtualMachines/jdk1.8.0_74.jdk/Contents/Home/jre/lib/./libosxapp.dylib
0x00000000037ce000 	/System/Library/Frameworks/ExceptionHandling.framework/Versions/A/ExceptionHandling
0x00000000037ce000 	/System/Library/PrivateFrameworks/CoreServicesInternal.framework/Versions/A/CoreServicesInternal
0x00000000037ce000 	/System/Library/Frameworks/CoreGraphics.framework/Versions/A/Resources/libRIP.A.dylib
0x0000000120dcb000 	/System/Library/Frameworks/Accelerate.framework/Frameworks/vImage.framework/Versions/A/Libraries/libCGInterfaces.dylib
0x00000000037ce000 	/System/Library/Frameworks/CoreGraphics.framework/Versions/A/Resources/libCGXType.A.dylib
0x00000000037ce000 	/System/Library/Frameworks/OpenCL.framework/Versions/A/Libraries/libcldcpuengine.dylib
0x00000000037ce000 	/System/Library/PrivateFrameworks/DiskImages.framework/Versions/A/DiskImages
0x00000000037ce000 	/System/Library/Frameworks/DiscRecording.framework/Versions/A/DiscRecording
0x00000000037ce000 	/usr/lib/libcsfde.dylib
0x00000000037ce000 	/usr/lib/libcurl.4.dylib
0x00000000037ce000 	/System/Library/PrivateFrameworks/MediaKit.framework/Versions/A/MediaKit
0x00000000037ce000 	/System/Library/PrivateFrameworks/ProtectedCloudStorage.framework/Versions/A/ProtectedCloudStorage
0x00000000037ce000 	/usr/lib/libCoreStorage.dylib
0x00000000037ce000 	/System/Library/PrivateFrameworks/EFILogin.framework/Versions/A/EFILogin
0x00000000037ce000 	/usr/lib/libutil.dylib
0x00000000037ce000 	/System/Library/PrivateFrameworks/FindMyDevice.framework/Versions/A/FindMyDevice
0x00000000037ce000 	/System/Library/Frameworks/LDAP.framework/Versions/A/LDAP
0x00000000037ce000 	/usr/lib/libsasl2.2.dylib
0x00000000037ce000 	/System/Library/PrivateFrameworks/CoreDaemon.framework/Versions/B/CoreDaemon
0x00000000037ce000 	/usr/lib/libcrypto.0.9.8.dylib
0x00000000037ce000 	/System/Library/PrivateFrameworks/AppleSRP.framework/Versions/A/AppleSRP
0x00000000037ce000 	/System/Library/PrivateFrameworks/TrustEvaluationAgent.framework/Versions/A/TrustEvaluationAgent
0x0000000121af8000 	cl_kernels
0x00000000037ce000 	/System/Library/Frameworks/OpenCL.framework/Versions/A/Libraries/ImageFormats/unorm8_bgra.dylib
0x00000000037ce000 	/System/Library/Frameworks/OpenCL.framework/Versions/A/Libraries/ImageFormats/unorm8_rgba.dylib
0x00000000037ce000 	/System/Library/PrivateFrameworks/FamilyControls.framework/Versions/A/FamilyControls
0x00000000037ce000 	/System/Library/PrivateFrameworks/CommerceKit.framework/Versions/A/Frameworks/CommerceCore.framework/Versions/A/CommerceCore
0x00000000037ce000 	/System/Library/PrivateFrameworks/SystemAdministration.framework/Versions/A/SystemAdministration
0x00000000037ce000 	/System/Library/PrivateFrameworks/AppContainer.framework/Versions/A/AppContainer
0x00000000037ce000 	/System/Library/PrivateFrameworks/SecCodeWrapper.framework/Versions/A/SecCodeWrapper
0x00000000037ce000 	/System/Library/Frameworks/DirectoryService.framework/Versions/A/DirectoryService
0x00000000037ce000 	/System/Library/PrivateFrameworks/LoginUIKit.framework/Versions/A/Frameworks/LoginUICore.framework/Versions/A/LoginUICore
0x00000000037ce000 	/usr/lib/libodfde.dylib
0x0000000122b38000 	/System/Library/Frameworks/OpenGL.framework/Resources/GLEngine.bundle/GLEngine
0x00000000037ce000 	/System/Library/Frameworks/OpenGL.framework/Versions/A/Libraries/libGLProgrammability.dylib
0x0000000122d20000 	/System/Library/Extensions/AppleIntelHD4000GraphicsGLDriver.bundle/Contents/MacOS/AppleIntelHD4000GraphicsGLDriver
0x00000000037ce000 	/System/Library/PrivateFrameworks/GPUSupport.framework/Versions/A/Libraries/libGPUSupportMercury.dylib
0x00000001233e7000 	/System/Library/Frameworks/OpenGL.framework/Resources//GLRendererFloat.bundle/GLRendererFloat
0x0000000123cba000 	/Library/Java/JavaVirtualMachines/jdk1.8.0_74.jdk/Contents/Home/jre/lib/libfontmanager.dylib
0x000000012517b000 	/Library/Java/JavaVirtualMachines/jdk1.8.0_74.jdk/Contents/Home/jre/lib/libosxui.dylib
0x0000000125eb5000 	/Library/Java/JavaVirtualMachines/jdk1.8.0_74.jdk/Contents/Home/jre/lib/libnet.dylib
0x0000000125d13000 	/Library/Java/JavaVirtualMachines/jdk1.8.0_74.jdk/Contents/Home/jre/lib/libnio.dylib
0x00000000037ce000 	/System/Library/Frameworks/ApplicationServices.framework/Versions/A/Frameworks/ATS.framework/Versions/A/Resources/libTrueTypeScaler.dylib
0x000000018a792000 	/System/Library/Extensions/AppleIntelHD4000GraphicsMTLDriver.bundle/Contents/MacOS/AppleIntelHD4000GraphicsMTLDriver
0x00000001210db000 	/private/var/folders/pl/08wspb0n0gqb_lyxgj0j_bmc0000gn/T/jogamp_0000/file_cache/jln5787316790627007744/jln7580432803675430691/libgluegen-rt.jnilib
0x00000001210e0000 	/private/var/folders/pl/08wspb0n0gqb_lyxgj0j_bmc0000gn/T/jogamp_0000/file_cache/jln5787316790627007744/jln7580432803675430691/libnativewindow_awt.jnilib
0x00000001210e3000 	/Library/Java/JavaVirtualMachines/jdk1.8.0_74.jdk/Contents/Home/jre/lib/libjawt.dylib
0x000000018a6de000 	/private/var/folders/pl/08wspb0n0gqb_lyxgj0j_bmc0000gn/T/jogamp_0000/file_cache/jln5787316790627007744/jln7580432803675430691/libnativewindow_macosx.jnilib
0x000000018bf88000 	/private/var/folders/pl/08wspb0n0gqb_lyxgj0j_bmc0000gn/T/jogamp_0000/file_cache/jln5787316790627007744/jln7580432803675430691/libjogl_desktop.jnilib
0x0000000121692000 	/Library/Java/JavaVirtualMachines/jdk1.8.0_74.jdk/Contents/Home/jre/lib/libjpeg.dylib

VM Arguments:
jvm_args: -Djava.security.policy=java.policy.applet -Dfile.encoding=UTF-8 
java_command: sun.applet.AppletViewer module1.HelloWorld1460484460234.html
java_class_path (initial): /Users/MGCFI/Google Drive/java/workspaces/UCSDUnfoldingMaps/build:/Users/MGCFI/Google Drive/java/workspaces/UCSDUnfoldingMaps/lib/core.jar:/Users/MGCFI/Google Drive/java/workspaces/UCSDUnfoldingMaps/lib/gluegen-rt.jar:/Users/MGCFI/Google Drive/java/workspaces/UCSDUnfoldingMaps/lib/jogl-all.jar:/Users/MGCFI/Google Drive/java/workspaces/UCSDUnfoldingMaps/lib/log4j-1.2.15.jar:/Users/MGCFI/Google Drive/java/workspaces/UCSDUnfoldingMaps/lib/sqlite-jdbc-3.7.2.jar:/Users/MGCFI/Google Drive/java/workspaces/UCSDUnfoldingMaps/lib/json4processing.jar:/Users/MGCFI/Google Drive/java/workspaces/UCSDUnfoldingMaps/lib/libTUIO.jar:/Users/MGCFI/Google Drive/java/workspaces/UCSDUnfoldingMaps/lib/unfolding.0.9.7-uscd.jar
Launcher Type: SUN_STANDARD

Environment Variables:
PATH=/usr/bin:/bin:/usr/sbin:/sbin
SHELL=/bin/zsh

Signal Handlers:
SIGSEGV: [libjvm.dylib+0x5a6855], sa_mask[0]=11111111011111110111111111111111, sa_flags=SA_ONSTACK|SA_RESTART|SA_SIGINFO
SIGBUS: [libjvm.dylib+0x5a6855], sa_mask[0]=11111111011111110111111111111111, sa_flags=SA_RESTART|SA_SIGINFO
SIGFPE: [libjvm.dylib+0x4804ec], sa_mask[0]=11111111011111110111111111111111, sa_flags=SA_RESTART|SA_SIGINFO
SIGPIPE: [libjvm.dylib+0x4804ec], sa_mask[0]=11111111011111110111111111111111, sa_flags=SA_RESTART|SA_SIGINFO
SIGXFSZ: [libjvm.dylib+0x4804ec], sa_mask[0]=11111111011111110111111111111111, sa_flags=SA_RESTART|SA_SIGINFO
SIGILL: [libjvm.dylib+0x4804ec], sa_mask[0]=11111111011111110111111111111111, sa_flags=SA_RESTART|SA_SIGINFO
SIGUSR1: SIG_DFL, sa_mask[0]=00000000000000000000000000000000, sa_flags=none
SIGUSR2: [libjvm.dylib+0x48000a], sa_mask[0]=00100000000000000000000000000000, sa_flags=SA_RESTART|SA_SIGINFO
SIGHUP: [libjvm.dylib+0x47e5e1], sa_mask[0]=11111111011111110111111111111111, sa_flags=SA_RESTART|SA_SIGINFO
SIGINT: [libjvm.dylib+0x47e5e1], sa_mask[0]=11111111011111110111111111111111, sa_flags=SA_RESTART|SA_SIGINFO
SIGTERM: [libjvm.dylib+0x47e5e1], sa_mask[0]=11111111011111110111111111111111, sa_flags=SA_RESTART|SA_SIGINFO
SIGQUIT: [libjvm.dylib+0x47e5e1], sa_mask[0]=11111111011111110111111111111111, sa_flags=SA_RESTART|SA_SIGINFO


---------------  S Y S T E M  ---------------

OS:Bsduname:Darwin 15.4.0 Darwin Kernel Version 15.4.0: Fri Feb 26 22:08:05 PST 2016; root:xnu-3248.40.184~3/RELEASE_X86_64 x86_64
rlimit: STACK 8192k, CORE 0k, NPROC 709, NOFILE 10240, AS infinity
load average:4.07 6.04 6.27

CPU:total 4 (2 cores per cpu, 2 threads per core) family 6 model 58 stepping 9, cmov, cx8, fxsr, mmx, sse, sse2, sse3, ssse3, sse4.1, sse4.2, popcnt, avx, aes, clmul, erms, ht, tsc, tscinvbit, tscinv

Memory: 4k page, physical 8388608k(409232k free)

/proc/meminfo:


vm_info: Java HotSpot(TM) 64-Bit Server VM (25.74-b02) for bsd-amd64 JRE (1.8.0_74-b02), built on Jan 29 2016 15:32:34 by "java_re" with gcc 4.2.1 (Based on Apple Inc. build 5658) (LLVM build 2336.11.00)

time: Tue Apr 12 14:14:57 2016
elapsed time: 436 seconds (0d 0h 7m 16s)

