#
# A fatal error has been detected by the Java Runtime Environment:
#
#  SIGSEGV (0xb) at pc=0x00007fff9390e4dd, pid=41789, tid=2571
#
# JRE version: Java(TM) SE Runtime Environment (8.0_74-b02) (build 1.8.0_74-b02)
# Java VM: Java HotSpot(TM) 64-Bit Server VM (25.74-b02 mixed mode bsd-amd64 compressed oops)
# Problematic frame:
# C  [libobjc.A.dylib+0x14dd]  objc_msgSend+0x1d
#
# Failed to write core dump. Core dumps have been disabled. To enable core dumping, try "ulimit -c unlimited" before starting Java again
#
# If you would like to submit a bug report, please visit:
#   http://bugreport.java.com/bugreport/crash.jsp
# The crash happened outside the Java Virtual Machine in native code.
# See problematic frame for where to report the bug.
#

---------------  T H R E A D  ---------------

Current thread (0x00007ff4748c6800):  JavaThread "AWT-AppKit" daemon [_thread_in_native, id=2571, stack(0x00007fff50b0d000,0x00007fff5130d000)]

siginfo: si_signo: 11 (SIGSEGV), si_code: 1 (SEGV_MAPERR), si_addr: 0x0000000000000018

Registers:
RAX=0x00007ff47833d1b0, RBX=0x0000000191f71450, RCX=0x0000000128998d60, RDX=0x0000000128998a40
RSP=0x00007fff51308358, RBP=0x00007fff51308410, RSI=0x00007fff93905ce6, RDI=0x00007ff47809c910
R8 =0x0000000000000000, R9 =0x00000000000008b0, R10=0x00007fff93905ce6, R11=0x0000000000000000
R12=0x0000000000000000, R13=0x0000000193787608, R14=0x0000000191f71440, R15=0x00007ff4748c6800
RIP=0x00007fff9390e4dd, EFLAGS=0x0000000000010246, ERR=0x0000000000000004
  TRAPNO=0x000000000000000e

Top of Stack: (sp=0x00007fff51308358)
0x00007fff51308358:   0000000191f6f157 00007fff513083b0
0x00007fff51308368:   0000000000000003 00007fff51308390
0x00007fff51308378:   000000010ed5fb02 0000000193787608
0x00007fff51308388:   0000000193787608 00007ff47833d1b0
0x00007fff51308398:   0000000191f716a0 0000000191f71710
0x00007fff513083a8:   00007fff750b2770 00007fff7766b500
0x00007fff513083b8:   0000000191f71450 0000000191f71690
0x00007fff513083c8:   00007ff47833d1b0 00007ff47809c910
0x00007fff513083d8:   00007ff478239e70 00007ff47833d1b0
0x00007fff513083e8:   00007ff47809c910 00007fff51308498
0x00007fff513083f8:   00007ff4748c69f8 0000000193787608
0x00007fff51308408:   00007fff513084c0 00007fff51308488
0x00007fff51308418:   0000000110426954 0000000193787608
0x00007fff51308428:   00007fff513084c0 00007fff51308488
0x00007fff51308438:   00000001104266e7 00000001104266a2
0x00007fff51308448:   00007fff51308448 0000000193787608
0x00007fff51308458:   00007fff513084c0 000000019378a240
0x00007fff51308468:   0000000000000000 0000000193787608
0x00007fff51308478:   0000000000000000 00007fff513084a8
0x00007fff51308488:   00007fff51308508 0000000110418c4d
0x00007fff51308498:   0000000799c850c0 0000000110420578
0x00007fff513084a8:   00007ff47833d1b0 00007fff51308508
0x00007fff513084b8:   00007ff47809c910 0000000110421d82
0x00007fff513084c8:   00007fff513084c8 00000001937877d2
0x00007fff513084d8:   00007fff51308530 000000019378a240
0x00007fff513084e8:   0000000000000000 00000001937877e0
0x00007fff513084f8:   00007fff513084a8 00007fff51308518
0x00007fff51308508:   00007fff51308578 0000000110418c4d
0x00007fff51308518:   00007ff47833d1b0 0000000799d461c0
0x00007fff51308528:   00007ff47809c910 0000000799d461c0
0x00007fff51308538:   00007fff51308538 0000000196cf7786
0x00007fff51308548:   00007fff51308588 0000000196cf7840 

Instructions: (pc=0x00007fff9390e4dd)
0x00007fff9390e4bd:   44 00 00 48 85 ff 2e 74 62 40 f6 c7 01 2e 75 66
0x00007fff9390e4cd:   49 bb f8 ff ff ff ff 7f 00 00 4c 23 1f 49 89 f2
0x00007fff9390e4dd:   45 23 53 18 49 c1 e2 04 4d 03 53 10 49 3b 32 75
0x00007fff9390e4ed:   04 41 ff 62 08 49 83 3a 01 76 0d 49 83 c2 10 49 

Register to memory mapping:

RAX=0x00007ff47833d1b0 is an unknown value
RBX=0x0000000191f71450: Java_jogamp_nativewindow_macosx_OSXUtil_GetScreenRefreshRate0+0x1cf0 in /private/var/folders/pl/08wspb0n0gqb_lyxgj0j_bmc0000gn/T/jogamp_0000/file_cache/jln3327865087371266890/jln3563717429262161692/libnativewindow_macosx.jnilib at 0x0000000191f6a000
RCX=0x0000000128998d60 is an unknown value
RDX=0x0000000128998a40 is an unknown value
RSP=0x00007fff51308358 is pointing into the stack for thread: 0x00007ff4748c6800
RBP=0x00007fff51308410 is pointing into the stack for thread: 0x00007ff4748c6800
RSI=0x00007fff93905ce6 is an unknown value
RDI=0x00007ff47809c910 is an unknown value
R8 =0x0000000000000000 is an unknown value
R9 =0x00000000000008b0 is an unknown value
R10=0x00007fff93905ce6 is an unknown value
R11=0x0000000000000000 is an unknown value
R12=0x0000000000000000 is an unknown value
R13={method} {0x0000000193787608} 'UnsetJAWTRootSurfaceLayer0' '(JJ)V' in 'jogamp/nativewindow/jawt/macosx/MacOSXJAWTWindow'
R14=0x0000000191f71440: Java_jogamp_nativewindow_macosx_OSXUtil_GetScreenRefreshRate0+0x1ce0 in /private/var/folders/pl/08wspb0n0gqb_lyxgj0j_bmc0000gn/T/jogamp_0000/file_cache/jln3327865087371266890/jln3563717429262161692/libnativewindow_macosx.jnilib at 0x0000000191f6a000
R15=0x00007ff4748c6800 is a thread


Stack: [0x00007fff50b0d000,0x00007fff5130d000],  sp=0x00007fff51308358,  free space=8172k
Native frames: (J=compiled Java code, j=interpreted, Vv=VM code, C=native code)
C  [libobjc.A.dylib+0x14dd]  objc_msgSend+0x1d
j  jogamp.nativewindow.jawt.macosx.MacOSXJAWTWindow.UnsetJAWTRootSurfaceLayer0(JJ)V+0
j  jogamp.nativewindow.jawt.macosx.MacOSXJAWTWindow.access$200(JJ)V+2
j  jogamp.nativewindow.jawt.macosx.MacOSXJAWTWindow$1.run()V+38
J 1930 C1 com.jogamp.common.util.RunnableTask.run()V (345 bytes) @ 0x0000000110a5e594 [0x0000000110a5e400+0x194]
v  ~StubRoutines::call_stub
V  [libjvm.dylib+0x2ea39e]
V  [libjvm.dylib+0x3214a7]
V  [libjvm.dylib+0x313c7b]
C  [libnativewindow_macosx.jnilib+0x5326]  Java_jogamp_nativewindow_jawt_macosx_MacOSXJAWTWindow_UnsetJAWTRootSurfaceLayer0+0x2b6
C  [Foundation+0x76f5e]  __NSThreadPerformPerform+0x117
C  [CoreFoundation+0xaa881]  __CFRUNLOOP_IS_CALLING_OUT_TO_A_SOURCE0_PERFORM_FUNCTION__+0x11
C  [CoreFoundation+0x89f37]  __CFRunLoopDoSources0+0x1a7
C  [CoreFoundation+0x894df]  __CFRunLoopRun+0x39f
C  [CoreFoundation+0x88ed8]  CFRunLoopRunSpecific+0x128
C  [HIToolbox+0x30935]  RunCurrentEventLoopInMode+0xeb
C  [HIToolbox+0x30677]  ReceiveNextEventCommon+0xb8
C  [HIToolbox+0x305af]  _BlockUntilNextEventMatchingListInModeWithFilter+0x47
C  [AppKit+0x48efa]  _DPSNextEvent+0x42b
C  [AppKit+0x4832a]  -[NSApplication _nextEventMatchingEventMask:untilDate:inMode:dequeue:]+0x1c6
C  [libosxapp.dylib+0x23aa]  -[NSApplicationAWT nextEventMatchingMask:untilDate:inMode:dequeue:]+0x7c
C  [AppKit+0x3ce84]  -[NSApplication run]+0x2aa
C  [libosxapp.dylib+0x214d]  +[NSApplicationAWT runAWTLoopWithApp:]+0x9c
C  [libawt_lwawt.dylib+0x4455b]  -[AWTStarter starter:]+0x389
C  [Foundation+0x76f5e]  __NSThreadPerformPerform+0x117
C  [CoreFoundation+0xaa881]  __CFRUNLOOP_IS_CALLING_OUT_TO_A_SOURCE0_PERFORM_FUNCTION__+0x11
C  [CoreFoundation+0x89fbc]  __CFRunLoopDoSources0+0x22c
C  [CoreFoundation+0x894df]  __CFRunLoopRun+0x39f
C  [CoreFoundation+0x88ed8]  CFRunLoopRunSpecific+0x128
C  [java+0x6463]  CreateExecutionEnvironment+0x367
C  [java+0x21ac]  JLI_Launch+0x7a0
C  [java+0x84c0]  main+0x65
C  [java+0x1a04]  start+0x34
C  0x0000000000000007

Java frames: (J=compiled Java code, j=interpreted, Vv=VM code)
j  jogamp.nativewindow.jawt.macosx.MacOSXJAWTWindow.UnsetJAWTRootSurfaceLayer0(JJ)V+0
j  jogamp.nativewindow.jawt.macosx.MacOSXJAWTWindow.access$200(JJ)V+2
j  jogamp.nativewindow.jawt.macosx.MacOSXJAWTWindow$1.run()V+38
J 1930 C1 com.jogamp.common.util.RunnableTask.run()V (345 bytes) @ 0x0000000110a5e594 [0x0000000110a5e400+0x194]
v  ~StubRoutines::call_stub

---------------  P R O C E S S  ---------------

Java Threads: ( => current thread )
  0x00007ff473bff000 JavaThread "Thread-53" [_thread_blocked, id=34079, stack(0x00007000019ee000,0x0000700001aee000)]
  0x00007ff47556d800 JavaThread "Image Fetcher 3" daemon [_thread_blocked, id=69379, stack(0x0000700002612000,0x0000700002712000)]
  0x00007ff474c32800 JavaThread "Image Fetcher 2" daemon [_thread_blocked, id=68867, stack(0x000070000250f000,0x000070000260f000)]
  0x00007ff474c74000 JavaThread "Image Fetcher 1" daemon [_thread_blocked, id=68355, stack(0x000070000240c000,0x000070000250c000)]
  0x00007ff474346000 JavaThread "Image Fetcher 0" daemon [_thread_blocked, id=67843, stack(0x0000700002309000,0x0000700002409000)]
  0x00007ff474c73800 JavaThread "Keep-Alive-Timer" daemon [_thread_blocked, id=67403, stack(0x0000700002206000,0x0000700002306000)]
  0x00007ff474ac8000 JavaThread "Animation Thread" [_thread_blocked, id=58907, stack(0x0000700001765000,0x0000700001865000)]
  0x00007ff473a8a800 JavaThread "AWT-EventQueue-1" [_thread_in_native, id=58407, stack(0x0000700001868000,0x0000700001968000)]
  0x00007ff474ab4800 JavaThread "DestroyJavaVM" [_thread_blocked, id=5891, stack(0x000070000011a000,0x000070000021a000)]
  0x00007ff4750fe000 JavaThread "AWT-EventQueue-0" [_thread_blocked, id=56839, stack(0x0000700001662000,0x0000700001762000)]
  0x00007ff4739f2000 JavaThread "Java2D Disposer" daemon [_thread_blocked, id=53003, stack(0x00007000013d9000,0x00007000014d9000)]
  0x00007ff4750c2800 JavaThread "Java2D Queue Flusher" daemon [_thread_blocked, id=49927, stack(0x00007000012d6000,0x00007000013d6000)]
  0x00007ff47504f800 JavaThread "AWT-Shutdown" [_thread_blocked, id=29967, stack(0x0000700001150000,0x0000700001250000)]
=>0x00007ff4748c6800 JavaThread "AWT-AppKit" daemon [_thread_in_native, id=2571, stack(0x00007fff50b0d000,0x00007fff5130d000)]
  0x00007ff47487a000 JavaThread "Service Thread" daemon [_thread_blocked, id=18947, stack(0x0000700000e44000,0x0000700000f44000)]
  0x00007ff473833000 JavaThread "C1 CompilerThread2" daemon [_thread_blocked, id=18435, stack(0x0000700000d41000,0x0000700000e41000)]
  0x00007ff475033000 JavaThread "C2 CompilerThread1" daemon [_thread_blocked, id=17923, stack(0x0000700000c3e000,0x0000700000d3e000)]
  0x00007ff475021800 JavaThread "C2 CompilerThread0" daemon [_thread_blocked, id=17411, stack(0x0000700000b3b000,0x0000700000c3b000)]
  0x00007ff47501e800 JavaThread "Signal Dispatcher" daemon [_thread_blocked, id=16667, stack(0x0000700000a38000,0x0000700000b38000)]
  0x00007ff474838800 JavaThread "Finalizer" daemon [_thread_blocked, id=12291, stack(0x000070000082f000,0x000070000092f000)]
  0x00007ff473808000 JavaThread "Reference Handler" daemon [_thread_blocked, id=11779, stack(0x000070000072c000,0x000070000082c000)]

Other Threads:
  0x00007ff474837800 VMThread [stack: 0x0000700000629000,0x0000700000729000] [id=11267]
  0x00007ff47402a000 WatcherThread [stack: 0x0000700000f47000,0x0000700001047000] [id=19459]

VM state:not at safepoint (normal execution)

VM Mutex/Monitor currently owned by a thread: None

Heap:
 PSYoungGen      total 71680K, used 53688K [0x0000000795580000, 0x000000079a080000, 0x00000007c0000000)
  eden space 66560K, 72% used [0x0000000795580000,0x00000007984f21a0,0x0000000799680000)
  from space 5120K, 99% used [0x0000000799b80000,0x000000079a07c110,0x000000079a080000)
  to   space 5120K, 0% used [0x0000000799680000,0x0000000799680000,0x0000000799b80000)
 ParOldGen       total 87552K, used 18812K [0x0000000740000000, 0x0000000745580000, 0x0000000795580000)
  object space 87552K, 21% used [0x0000000740000000,0x000000074125f228,0x0000000745580000)
 Metaspace       used 19294K, capacity 19541K, committed 19712K, reserved 1067008K
  class space    used 1916K, capacity 1987K, committed 2048K, reserved 1048576K

Card table byte_map: [0x000000011f7d1000,0x000000011fbd2000] byte_map_base: 0x000000011bdd1000

Marking Bits: (ParMarkBitMap*) 0x000000010f452ea0
 Begin Bits: [0x000000011fe7d000, 0x0000000121e7d000)
 End Bits:   [0x0000000121e7d000, 0x0000000123e7d000)

Polling page: 0x000000010fbfc000

CodeCache: size=245760Kb used=6854Kb max_used=6867Kb free=238905Kb
 bounds [0x0000000110411000, 0x0000000110ad1000, 0x000000011f411000]
 total_blobs=2782 nmethods=1907 adapters=788
 compilation: enabled

Compilation events (10 events):
Event: 10.750 Thread 0x00007ff473833000 2059       1       java.util.LinkedList::size (5 bytes)
Event: 10.750 Thread 0x00007ff473833000 nmethod 2059 0x0000000110abdc50 code [0x0000000110abdda0, 0x0000000110abdeb0]
Event: 10.762 Thread 0x00007ff473833000 2062       3       java.lang.Boolean::valueOf (14 bytes)
Event: 10.762 Thread 0x00007ff473833000 nmethod 2062 0x0000000110abd8d0 code [0x0000000110abda40, 0x0000000110abdbd0]
Event: 10.763 Thread 0x00007ff473833000 2063       1       sun.java2d.SurfaceData::isValid (5 bytes)
Event: 10.764 Thread 0x00007ff473833000 nmethod 2063 0x0000000110abd610 code [0x0000000110abd760, 0x0000000110abd870]
Event: 10.766 Thread 0x00007ff475033000 2064  s    4       sun.misc.URLClassPath::getNextLoader (88 bytes)
Event: 10.767 Thread 0x00007ff473833000 2065  s!   2       sun.misc.URLClassPath::getLoader (197 bytes)
Event: 10.770 Thread 0x00007ff473833000 nmethod 2065 0x0000000110ac63d0 code [0x0000000110ac66c0, 0x0000000110ac7dc8]
Event: 10.774 Thread 0x00007ff475033000 nmethod 2064 0x0000000110acc610 code [0x0000000110acc780, 0x0000000110accef8]

GC Heap History (8 events):
Event: 2.927 GC heap before
{Heap before GC invocations=1 (full 0):
 PSYoungGen      total 38400K, used 33280K [0x0000000795580000, 0x0000000798000000, 0x00000007c0000000)
  eden space 33280K, 100% used [0x0000000795580000,0x0000000797600000,0x0000000797600000)
  from space 5120K, 0% used [0x0000000797b00000,0x0000000797b00000,0x0000000798000000)
  to   space 5120K, 0% used [0x0000000797600000,0x0000000797600000,0x0000000797b00000)
 ParOldGen       total 87552K, used 0K [0x0000000740000000, 0x0000000745580000, 0x0000000795580000)
  object space 87552K, 0% used [0x0000000740000000,0x0000000740000000,0x0000000745580000)
 Metaspace       used 15829K, capacity 16059K, committed 16256K, reserved 1064960K
  class space    used 1600K, capacity 1660K, committed 1664K, reserved 1048576K
Event: 2.937 GC heap after
Heap after GC invocations=1 (full 0):
 PSYoungGen      total 38400K, used 5017K [0x0000000795580000, 0x0000000798000000, 0x00000007c0000000)
  eden space 33280K, 0% used [0x0000000795580000,0x0000000795580000,0x0000000797600000)
  from space 5120K, 97% used [0x0000000797600000,0x0000000797ae6468,0x0000000797b00000)
  to   space 5120K, 0% used [0x0000000797b00000,0x0000000797b00000,0x0000000798000000)
 ParOldGen       total 87552K, used 8K [0x0000000740000000, 0x0000000745580000, 0x0000000795580000)
  object space 87552K, 0% used [0x0000000740000000,0x0000000740002000,0x0000000745580000)
 Metaspace       used 15829K, capacity 16059K, committed 16256K, reserved 1064960K
  class space    used 1600K, capacity 1660K, committed 1664K, reserved 1048576K
}
Event: 4.265 GC heap before
{Heap before GC invocations=2 (full 0):
 PSYoungGen      total 38400K, used 38274K [0x0000000795580000, 0x0000000798000000, 0x00000007c0000000)
  eden space 33280K, 99% used [0x0000000795580000,0x00000007975fa548,0x0000000797600000)
  from space 5120K, 97% used [0x0000000797600000,0x0000000797ae6468,0x0000000797b00000)
  to   space 5120K, 0% used [0x0000000797b00000,0x0000000797b00000,0x0000000798000000)
 ParOldGen       total 87552K, used 8K [0x0000000740000000, 0x0000000745580000, 0x0000000795580000)
  object space 87552K, 0% used [0x0000000740000000,0x0000000740002000,0x0000000745580000)
 Metaspace       used 18452K, capacity 18651K, committed 18944K, reserved 1067008K
  class space    used 1875K, capacity 1948K, committed 2048K, reserved 1048576K
Event: 4.280 GC heap after
Heap after GC invocations=2 (full 0):
 PSYoungGen      total 38400K, used 5088K [0x0000000795580000, 0x0000000798000000, 0x00000007c0000000)
  eden space 33280K, 0% used [0x0000000795580000,0x0000000795580000,0x0000000797600000)
  from space 5120K, 99% used [0x0000000797b00000,0x0000000797ff8160,0x0000000798000000)
  to   space 5120K, 0% used [0x0000000797600000,0x0000000797600000,0x0000000797b00000)
 ParOldGen       total 87552K, used 8574K [0x0000000740000000, 0x0000000745580000, 0x0000000795580000)
  object space 87552K, 9% used [0x0000000740000000,0x000000074085f9d0,0x0000000745580000)
 Metaspace       used 18452K, capacity 18651K, committed 18944K, reserved 1067008K
  class space    used 1875K, capacity 1948K, committed 2048K, reserved 1048576K
}
Event: 4.698 GC heap before
{Heap before GC invocations=3 (full 0):
 PSYoungGen      total 38400K, used 38368K [0x0000000795580000, 0x0000000798000000, 0x00000007c0000000)
  eden space 33280K, 100% used [0x0000000795580000,0x0000000797600000,0x0000000797600000)
  from space 5120K, 99% used [0x0000000797b00000,0x0000000797ff8160,0x0000000798000000)
  to   space 5120K, 0% used [0x0000000797600000,0x0000000797600000,0x0000000797b00000)
 ParOldGen       total 87552K, used 8574K [0x0000000740000000, 0x0000000745580000, 0x0000000795580000)
  object space 87552K, 9% used [0x0000000740000000,0x000000074085f9d0,0x0000000745580000)
 Metaspace       used 18501K, capacity 18715K, committed 18944K, reserved 1067008K
  class space    used 1875K, capacity 1948K, committed 2048K, reserved 1048576K
Event: 4.715 GC heap after
Heap after GC invocations=3 (full 0):
 PSYoungGen      total 38400K, used 5104K [0x0000000795580000, 0x000000079a080000, 0x00000007c0000000)
  eden space 33280K, 0% used [0x0000000795580000,0x0000000795580000,0x0000000797600000)
  from space 5120K, 99% used [0x0000000797600000,0x0000000797afc120,0x0000000797b00000)
  to   space 5120K, 0% used [0x0000000799b80000,0x0000000799b80000,0x000000079a080000)
 ParOldGen       total 87552K, used 15070K [0x0000000740000000, 0x0000000745580000, 0x0000000795580000)
  object space 87552K, 17% used [0x0000000740000000,0x0000000740eb7b50,0x0000000745580000)
 Metaspace       used 18501K, capacity 18715K, committed 18944K, reserved 1067008K
  class space    used 1875K, capacity 1948K, committed 2048K, reserved 1048576K
}
Event: 5.369 GC heap before
{Heap before GC invocations=4 (full 0):
 PSYoungGen      total 38400K, used 38209K [0x0000000795580000, 0x000000079a080000, 0x00000007c0000000)
  eden space 33280K, 99% used [0x0000000795580000,0x00000007975d44a0,0x0000000797600000)
  from space 5120K, 99% used [0x0000000797600000,0x0000000797afc120,0x0000000797b00000)
  to   space 5120K, 0% used [0x0000000799b80000,0x0000000799b80000,0x000000079a080000)
 ParOldGen       total 87552K, used 15070K [0x0000000740000000, 0x0000000745580000, 0x0000000795580000)
  object space 87552K, 17% used [0x0000000740000000,0x0000000740eb7b50,0x0000000745580000)
 Metaspace       used 18716K, capacity 18913K, committed 19200K, reserved 1067008K
  class space    used 1875K, capacity 1949K, committed 2048K, reserved 1048576K
Event: 5.377 GC heap after
Heap after GC invocations=4 (full 0):
 PSYoungGen      total 71680K, used 5104K [0x0000000795580000, 0x000000079a080000, 0x00000007c0000000)
  eden space 66560K, 0% used [0x0000000795580000,0x0000000795580000,0x0000000799680000)
  from space 5120K, 99% used [0x0000000799b80000,0x000000079a07c110,0x000000079a080000)
  to   space 5120K, 0% used [0x0000000799680000,0x0000000799680000,0x0000000799b80000)
 ParOldGen       total 87552K, used 18812K [0x0000000740000000, 0x0000000745580000, 0x0000000795580000)
  object space 87552K, 21% used [0x0000000740000000,0x000000074125f228,0x0000000745580000)
 Metaspace       used 18716K, capacity 18913K, committed 19200K, reserved 1067008K
  class space    used 1875K, capacity 1949K, committed 2048K, reserved 1048576K
}

Deoptimization events (6 events):
Event: 1.937 Thread 0x00007ff475001800 Uncommon trap: reason=unstable_if action=reinterpret pc=0x00000001105ed300 method=java.lang.String.toLowerCase(Ljava/util/Locale;)Ljava/lang/String; @ 85
Event: 2.519 Thread 0x00007ff474ac8000 Uncommon trap: reason=unstable_if action=reinterpret pc=0x000000011065e8d4 method=java.lang.String.indexOf([CII[CIII)I @ 3
Event: 2.519 Thread 0x00007ff474ac8000 Uncommon trap: reason=unstable_if action=reinterpret pc=0x00000001105d86a0 method=java.lang.String.indexOf([CII[CIII)I @ 3
Event: 3.691 Thread 0x00007ff473a8a800 Uncommon trap: reason=unstable_if action=reinterpret pc=0x00000001105c8e2c method=java.lang.AbstractStringBuilder.append(Ljava/lang/String;)Ljava/lang/AbstractStringBuilder; @ 1
Event: 4.426 Thread 0x00007ff474c74000 Uncommon trap: reason=unstable_if action=reinterpret pc=0x0000000110876260 method=java.awt.image.IndexColorModel.getDataElements(ILjava/lang/Object;)Ljava/lang/Object; @ 54
Event: 10.745 Thread 0x00007ff473a8a800 Uncommon trap: reason=unstable_if action=reinterpret pc=0x0000000110927168 method=com.jogamp.common.util.VersionNumber.compareTo(Lcom/jogamp/common/util/VersionNumber;)I @ 21

Internal exceptions (10 events):
Event: 0.280 Thread 0x00007ff475001800 Exception <a 'java/lang/NoSuchFieldError': method resolution failed> (0x0000000795785fa8) thrown at [/Users/java_re/workspace/8-2-build-macosx-x86_64/jdk8u74/6087/hotspot/src/share/vm/prims/methodHandles.cpp, line 1146]
Event: 0.287 Thread 0x00007ff475001800 Exception <a 'java/lang/NoSuchFieldError': method resolution failed> (0x0000000795793778) thrown at [/Users/java_re/workspace/8-2-build-macosx-x86_64/jdk8u74/6087/hotspot/src/share/vm/prims/methodHandles.cpp, line 1146]
Event: 0.501 Thread 0x00007ff475001800 Exception <a 'java/io/FileNotFoundException'> (0x000000079580f540) thrown at [/Users/java_re/workspace/8-2-build-macosx-x86_64/jdk8u74/6087/hotspot/src/share/vm/prims/jni.cpp, line 709]
Event: 0.501 Thread 0x00007ff475001800 Exception <a 'java/io/FileNotFoundException'> (0x0000000795810088) thrown at [/Users/java_re/workspace/8-2-build-macosx-x86_64/jdk8u74/6087/hotspot/src/share/vm/prims/jni.cpp, line 709]
Event: 0.645 Thread 0x00007ff475001800 Exception <a 'java/io/FileNotFoundException'> (0x0000000795950348) thrown at [/Users/java_re/workspace/8-2-build-macosx-x86_64/jdk8u74/6087/hotspot/src/share/vm/prims/jni.cpp, line 709]
Event: 2.550 Thread 0x00007ff474ac8000 Exception <a 'java/lang/UnsatisfiedLinkError': com.jogamp.common.util.JarUtil.fixNativeLibAttribs(Ljava/lang/String;)Z> (0x0000000796bc4128) thrown at [/Users/java_re/workspace/8-2-build-macosx-x86_64/jdk8u74/6087/hotspot/src/share/vm/prims/nativeLookup.c
Event: 2.939 Thread 0x00007ff474838800 Exception <a 'java/lang/NullPointerException'> (0x0000000795626688) thrown at [/Users/java_re/workspace/8-2-build-macosx-x86_64/jdk8u74/6087/hotspot/src/share/vm/interpreter/linkResolver.cpp, line 1178]
Event: 3.690 Thread 0x00007ff473a8a800 Exception <a 'java/io/FileNotFoundException'> (0x0000000795f49928) thrown at [/Users/java_re/workspace/8-2-build-macosx-x86_64/jdk8u74/6087/hotspot/src/share/vm/prims/jni.cpp, line 709]
Event: 3.691 Thread 0x00007ff473a8a800 Exception <a 'java/io/FileNotFoundException'> (0x0000000795f51760) thrown at [/Users/java_re/workspace/8-2-build-macosx-x86_64/jdk8u74/6087/hotspot/src/share/vm/prims/jni.cpp, line 709]
Event: 3.691 Thread 0x00007ff473a8a800 Implicit null exception at 0x00000001105c8ab5 to 0x00000001105c8e19

Events (10 events):
Event: 10.778 loading class jogamp/nativewindow/jawt/macosx/MacOSXJAWTWindow$1 done
Event: 10.780 loading class java/awt/LightweightDispatcher$2
Event: 10.780 loading class java/awt/LightweightDispatcher$2 done
Event: 10.780 loading class java/awt/event/AWTEventListenerProxy
Event: 10.780 loading class java/awt/event/AWTEventListenerProxy done
Event: 10.780 loading class java/awt/Toolkit$ToolkitEventMulticaster
Event: 10.780 loading class java/awt/Toolkit$ToolkitEventMulticaster done
Event: 10.781 Thread 0x00007ff4748fe000 Thread exited: 0x00007ff4748fe000
Event: 10.781 loading class java/awt/Window$1DisposeAction
Event: 10.781 loading class java/awt/Window$1DisposeAction done


Dynamic libraries:
0x00000000037ce000 	/System/Library/Frameworks/Cocoa.framework/Versions/A/Cocoa
0x00000000037ce000 	/System/Library/Frameworks/Security.framework/Versions/A/Security
0x00000000037ce000 	/System/Library/Frameworks/ApplicationServices.framework/Versions/A/ApplicationServices
0x00000000037ce000 	/usr/lib/libz.1.dylib
0x00000000037ce000 	/usr/lib/libSystem.B.dylib
0x00000000037ce000 	/usr/lib/libobjc.A.dylib
0x00000000037ce000 	/System/Library/Frameworks/CoreFoundation.framework/Versions/A/CoreFoundation
0x00000000037ce000 	/System/Library/Frameworks/Foundation.framework/Versions/C/Foundation
0x00000000037ce000 	/System/Library/Frameworks/AppKit.framework/Versions/C/AppKit
0x00000000037ce000 	/System/Library/Frameworks/CoreData.framework/Versions/A/CoreData
0x00000000037ce000 	/System/Library/PrivateFrameworks/RemoteViewServices.framework/Versions/A/RemoteViewServices
0x00000000037ce000 	/System/Library/PrivateFrameworks/UIFoundation.framework/Versions/A/UIFoundation
0x00000000037ce000 	/usr/lib/libScreenReader.dylib
0x00000000037ce000 	/System/Library/Frameworks/Accelerate.framework/Versions/A/Accelerate
0x00000000037ce000 	/System/Library/Frameworks/IOSurface.framework/Versions/A/IOSurface
0x00000000037ce000 	/System/Library/Frameworks/AudioToolbox.framework/Versions/A/AudioToolbox
0x00000000037ce000 	/System/Library/Frameworks/AudioUnit.framework/Versions/A/AudioUnit
0x00000000037ce000 	/System/Library/PrivateFrameworks/DataDetectorsCore.framework/Versions/A/DataDetectorsCore
0x00000000037ce000 	/System/Library/PrivateFrameworks/DesktopServicesPriv.framework/Versions/A/DesktopServicesPriv
0x00000000037ce000 	/System/Library/Frameworks/Carbon.framework/Versions/A/Frameworks/HIToolbox.framework/Versions/A/HIToolbox
0x00000000037ce000 	/System/Library/Frameworks/QuartzCore.framework/Versions/A/QuartzCore
0x00000000037ce000 	/System/Library/Frameworks/Carbon.framework/Versions/A/Frameworks/SpeechRecognition.framework/Versions/A/SpeechRecognition
0x00000000037ce000 	/usr/lib/libauto.dylib
0x00000000037ce000 	/usr/lib/libicucore.A.dylib
0x00000000037ce000 	/usr/lib/libxml2.2.dylib
0x00000000037ce000 	/System/Library/PrivateFrameworks/CoreUI.framework/Versions/A/CoreUI
0x00000000037ce000 	/System/Library/Frameworks/CoreAudio.framework/Versions/A/CoreAudio
0x00000000037ce000 	/System/Library/Frameworks/DiskArbitration.framework/Versions/A/DiskArbitration
0x00000000037ce000 	/usr/lib/liblangid.dylib
0x00000000037ce000 	/System/Library/PrivateFrameworks/MultitouchSupport.framework/Versions/A/MultitouchSupport
0x00000000037ce000 	/System/Library/Frameworks/IOKit.framework/Versions/A/IOKit
0x00000000037ce000 	/usr/lib/libDiagnosticMessagesClient.dylib
0x00000000037ce000 	/System/Library/Frameworks/CoreServices.framework/Versions/A/CoreServices
0x00000000037ce000 	/System/Library/PrivateFrameworks/PerformanceAnalysis.framework/Versions/A/PerformanceAnalysis
0x00000000037ce000 	/System/Library/PrivateFrameworks/GenerationalStorage.framework/Versions/A/GenerationalStorage
0x00000000037ce000 	/System/Library/Frameworks/OpenGL.framework/Versions/A/OpenGL
0x00000000037ce000 	/System/Library/PrivateFrameworks/Sharing.framework/Versions/A/Sharing
0x00000000037ce000 	/System/Library/Frameworks/CoreGraphics.framework/Versions/A/CoreGraphics
0x00000000037ce000 	/System/Library/Frameworks/CoreImage.framework/Versions/A/CoreImage
0x00000000037ce000 	/System/Library/Frameworks/CoreText.framework/Versions/A/CoreText
0x00000000037ce000 	/System/Library/Frameworks/ImageIO.framework/Versions/A/ImageIO
0x00000000037ce000 	/System/Library/PrivateFrameworks/Backup.framework/Versions/A/Backup
0x00000000037ce000 	/usr/lib/libextension.dylib
0x00000000037ce000 	/usr/lib/libarchive.2.dylib
0x00000000037ce000 	/System/Library/Frameworks/CFNetwork.framework/Versions/A/CFNetwork
0x00000000037ce000 	/System/Library/Frameworks/SystemConfiguration.framework/Versions/A/SystemConfiguration
0x00000000037ce000 	/usr/lib/libCRFSuite.dylib
0x00000000037ce000 	/usr/lib/libc++.1.dylib
0x00000000037ce000 	/usr/lib/libc++abi.dylib
0x00000000037ce000 	/usr/lib/system/libcache.dylib
0x00000000037ce000 	/usr/lib/system/libcommonCrypto.dylib
0x00000000037ce000 	/usr/lib/system/libcompiler_rt.dylib
0x00000000037ce000 	/usr/lib/system/libcopyfile.dylib
0x00000000037ce000 	/usr/lib/system/libcorecrypto.dylib
0x00000000037ce000 	/usr/lib/system/libdispatch.dylib
0x00000000037ce000 	/usr/lib/system/libdyld.dylib
0x00000000037ce000 	/usr/lib/system/libkeymgr.dylib
0x00000000037ce000 	/usr/lib/system/liblaunch.dylib
0x00000000037ce000 	/usr/lib/system/libmacho.dylib
0x00000000037ce000 	/usr/lib/system/libquarantine.dylib
0x00000000037ce000 	/usr/lib/system/libremovefile.dylib
0x00000000037ce000 	/usr/lib/system/libsystem_asl.dylib
0x00000000037ce000 	/usr/lib/system/libsystem_blocks.dylib
0x00000000037ce000 	/usr/lib/system/libsystem_c.dylib
0x00000000037ce000 	/usr/lib/system/libsystem_configuration.dylib
0x00000000037ce000 	/usr/lib/system/libsystem_coreservices.dylib
0x00000000037ce000 	/usr/lib/system/libsystem_coretls.dylib
0x00000000037ce000 	/usr/lib/system/libsystem_dnssd.dylib
0x00000000037ce000 	/usr/lib/system/libsystem_info.dylib
0x00000000037ce000 	/usr/lib/system/libsystem_kernel.dylib
0x00000000037ce000 	/usr/lib/system/libsystem_m.dylib
0x00000000037ce000 	/usr/lib/system/libsystem_malloc.dylib
0x00000000037ce000 	/usr/lib/system/libsystem_network.dylib
0x00000000037ce000 	/usr/lib/system/libsystem_networkextension.dylib
0x00000000037ce000 	/usr/lib/system/libsystem_notify.dylib
0x00000000037ce000 	/usr/lib/system/libsystem_platform.dylib
0x00000000037ce000 	/usr/lib/system/libsystem_pthread.dylib
0x00000000037ce000 	/usr/lib/system/libsystem_sandbox.dylib
0x00000000037ce000 	/usr/lib/system/libsystem_secinit.dylib
0x00000000037ce000 	/usr/lib/system/libsystem_trace.dylib
0x00000000037ce000 	/usr/lib/system/libunc.dylib
0x00000000037ce000 	/usr/lib/system/libunwind.dylib
0x00000000037ce000 	/usr/lib/system/libxpc.dylib
0x00000000037ce000 	/usr/lib/libenergytrace.dylib
0x00000000037ce000 	/usr/lib/libbsm.0.dylib
0x00000000037ce000 	/usr/lib/system/libkxld.dylib
0x00000000037ce000 	/usr/lib/libxar.1.dylib
0x00000000037ce000 	/usr/lib/libsqlite3.dylib
0x00000000037ce000 	/usr/lib/libpam.2.dylib
0x00000000037ce000 	/usr/lib/libOpenScriptingUtil.dylib
0x00000000037ce000 	/usr/lib/libbz2.1.0.dylib
0x00000000037ce000 	/usr/lib/liblzma.5.dylib
0x00000000037ce000 	/System/Library/Frameworks/CoreServices.framework/Versions/A/Frameworks/FSEvents.framework/Versions/A/FSEvents
0x00000000037ce000 	/System/Library/Frameworks/CoreServices.framework/Versions/A/Frameworks/CarbonCore.framework/Versions/A/CarbonCore
0x00000000037ce000 	/System/Library/Frameworks/CoreServices.framework/Versions/A/Frameworks/Metadata.framework/Versions/A/Metadata
0x00000000037ce000 	/System/Library/Frameworks/CoreServices.framework/Versions/A/Frameworks/OSServices.framework/Versions/A/OSServices
0x00000000037ce000 	/System/Library/Frameworks/CoreServices.framework/Versions/A/Frameworks/SearchKit.framework/Versions/A/SearchKit
0x00000000037ce000 	/System/Library/Frameworks/CoreServices.framework/Versions/A/Frameworks/AE.framework/Versions/A/AE
0x00000000037ce000 	/System/Library/Frameworks/CoreServices.framework/Versions/A/Frameworks/LaunchServices.framework/Versions/A/LaunchServices
0x00000000037ce000 	/System/Library/Frameworks/CoreServices.framework/Versions/A/Frameworks/DictionaryServices.framework/Versions/A/DictionaryServices
0x00000000037ce000 	/System/Library/Frameworks/CoreServices.framework/Versions/A/Frameworks/SharedFileList.framework/Versions/A/SharedFileList
0x00000000037ce000 	/System/Library/Frameworks/NetFS.framework/Versions/A/NetFS
0x00000000037ce000 	/System/Library/PrivateFrameworks/NetAuth.framework/Versions/A/NetAuth
0x00000000037ce000 	/System/Library/PrivateFrameworks/login.framework/Versions/A/Frameworks/loginsupport.framework/Versions/A/loginsupport
0x00000000037ce000 	/System/Library/PrivateFrameworks/TCC.framework/Versions/A/TCC
0x00000000037ce000 	/usr/lib/libmecabra.dylib
0x00000000037ce000 	/System/Library/Frameworks/ApplicationServices.framework/Versions/A/Frameworks/ATS.framework/Versions/A/ATS
0x00000000037ce000 	/System/Library/Frameworks/ApplicationServices.framework/Versions/A/Frameworks/ColorSync.framework/Versions/A/ColorSync
0x00000000037ce000 	/System/Library/Frameworks/ApplicationServices.framework/Versions/A/Frameworks/HIServices.framework/Versions/A/HIServices
0x00000000037ce000 	/System/Library/Frameworks/ApplicationServices.framework/Versions/A/Frameworks/LangAnalysis.framework/Versions/A/LangAnalysis
0x00000000037ce000 	/System/Library/Frameworks/ApplicationServices.framework/Versions/A/Frameworks/PrintCore.framework/Versions/A/PrintCore
0x00000000037ce000 	/System/Library/Frameworks/ApplicationServices.framework/Versions/A/Frameworks/QD.framework/Versions/A/QD
0x00000000037ce000 	/System/Library/Frameworks/ApplicationServices.framework/Versions/A/Frameworks/SpeechSynthesis.framework/Versions/A/SpeechSynthesis
0x00000000037ce000 	/System/Library/Frameworks/Metal.framework/Versions/A/Metal
0x00000000037ce000 	/System/Library/Frameworks/Accelerate.framework/Versions/A/Frameworks/vImage.framework/Versions/A/vImage
0x00000000037ce000 	/System/Library/Frameworks/Accelerate.framework/Versions/A/Frameworks/vecLib.framework/Versions/A/vecLib
0x00000000037ce000 	/System/Library/Frameworks/Accelerate.framework/Versions/A/Frameworks/vecLib.framework/Versions/A/libvDSP.dylib
0x00000000037ce000 	/System/Library/Frameworks/Accelerate.framework/Versions/A/Frameworks/vecLib.framework/Versions/A/libvMisc.dylib
0x00000000037ce000 	/System/Library/Frameworks/Accelerate.framework/Versions/A/Frameworks/vecLib.framework/Versions/A/libLAPACK.dylib
0x00000000037ce000 	/System/Library/Frameworks/Accelerate.framework/Versions/A/Frameworks/vecLib.framework/Versions/A/libBLAS.dylib
0x00000000037ce000 	/System/Library/Frameworks/Accelerate.framework/Versions/A/Frameworks/vecLib.framework/Versions/A/libLinearAlgebra.dylib
0x00000000037ce000 	/System/Library/Frameworks/Accelerate.framework/Versions/A/Frameworks/vecLib.framework/Versions/A/libSparseBLAS.dylib
0x00000000037ce000 	/System/Library/PrivateFrameworks/GPUCompiler.framework/libmetal_timestamp.dylib
0x00000000037ce000 	/System/Library/Frameworks/OpenGL.framework/Versions/A/Libraries/libCoreFSCache.dylib
0x00000000037ce000 	/System/Library/PrivateFrameworks/IOAccelerator.framework/Versions/A/IOAccelerator
0x00000000037ce000 	/System/Library/Frameworks/ApplicationServices.framework/Versions/A/Frameworks/ATS.framework/Versions/A/Resources/libFontParser.dylib
0x00000000037ce000 	/System/Library/Frameworks/ApplicationServices.framework/Versions/A/Frameworks/ATS.framework/Versions/A/Resources/libFontRegistry.dylib
0x00000000037ce000 	/System/Library/PrivateFrameworks/AppleVPA.framework/Versions/A/AppleVPA
0x00000000037ce000 	/System/Library/PrivateFrameworks/AppleJPEG.framework/Versions/A/AppleJPEG
0x00000000037ce000 	/System/Library/Frameworks/ImageIO.framework/Versions/A/Resources/libJPEG.dylib
0x00000000037ce000 	/System/Library/Frameworks/ImageIO.framework/Versions/A/Resources/libTIFF.dylib
0x00000000037ce000 	/System/Library/Frameworks/ImageIO.framework/Versions/A/Resources/libPng.dylib
0x00000000037ce000 	/System/Library/Frameworks/ImageIO.framework/Versions/A/Resources/libGIF.dylib
0x00000000037ce000 	/System/Library/Frameworks/ImageIO.framework/Versions/A/Resources/libJP2.dylib
0x00000000037ce000 	/System/Library/Frameworks/ImageIO.framework/Versions/A/Resources/libRadiance.dylib
0x00000000037ce000 	/System/Library/Frameworks/CoreVideo.framework/Versions/A/CoreVideo
0x00000000037ce000 	/System/Library/Frameworks/OpenGL.framework/Versions/A/Libraries/libGLU.dylib
0x00000000037ce000 	/System/Library/Frameworks/OpenGL.framework/Versions/A/Libraries/libGFXShared.dylib
0x00000000037ce000 	/System/Library/Frameworks/OpenGL.framework/Versions/A/Libraries/libGL.dylib
0x00000000037ce000 	/System/Library/Frameworks/OpenGL.framework/Versions/A/Libraries/libGLImage.dylib
0x00000000037ce000 	/System/Library/Frameworks/OpenGL.framework/Versions/A/Libraries/libCVMSPluginSupport.dylib
0x00000000037ce000 	/System/Library/Frameworks/OpenGL.framework/Versions/A/Libraries/libCoreVMClient.dylib
0x00000000037ce000 	/usr/lib/libcups.2.dylib
0x00000000037ce000 	/System/Library/Frameworks/Kerberos.framework/Versions/A/Kerberos
0x00000000037ce000 	/System/Library/Frameworks/GSS.framework/Versions/A/GSS
0x00000000037ce000 	/usr/lib/libresolv.9.dylib
0x00000000037ce000 	/usr/lib/libiconv.2.dylib
0x00000000037ce000 	/System/Library/PrivateFrameworks/Heimdal.framework/Versions/A/Heimdal
0x00000000037ce000 	/usr/lib/libheimdal-asn1.dylib
0x00000000037ce000 	/System/Library/Frameworks/OpenDirectory.framework/Versions/A/OpenDirectory
0x00000000037ce000 	/System/Library/PrivateFrameworks/CommonAuth.framework/Versions/A/CommonAuth
0x00000000037ce000 	/System/Library/Frameworks/OpenDirectory.framework/Versions/A/Frameworks/CFOpenDirectory.framework/Versions/A/CFOpenDirectory
0x00000000037ce000 	/System/Library/Frameworks/SecurityFoundation.framework/Versions/A/SecurityFoundation
0x00000000037ce000 	/System/Library/PrivateFrameworks/LanguageModeling.framework/Versions/A/LanguageModeling
0x00000000037ce000 	/usr/lib/libmarisa.dylib
0x00000000037ce000 	/usr/lib/libChineseTokenizer.dylib
0x00000000037ce000 	/usr/lib/libcmph.dylib
0x00000000037ce000 	/usr/lib/libcompression.dylib
0x00000000037ce000 	/System/Library/Frameworks/ServiceManagement.framework/Versions/A/ServiceManagement
0x00000000037ce000 	/usr/lib/libxslt.1.dylib
0x00000000037ce000 	/System/Library/Frameworks/Carbon.framework/Versions/A/Frameworks/Ink.framework/Versions/A/Ink
0x00000000037ce000 	/usr/lib/libFosl_dynamic.dylib
0x00000000037ce000 	/System/Library/PrivateFrameworks/FaceCore.framework/Versions/A/FaceCore
0x00000000037ce000 	/System/Library/Frameworks/OpenCL.framework/Versions/A/OpenCL
0x00000000037ce000 	/System/Library/PrivateFrameworks/CrashReporterSupport.framework/Versions/A/CrashReporterSupport
0x00000000037ce000 	/System/Library/PrivateFrameworks/IconServices.framework/Versions/A/IconServices
0x00000000037ce000 	/System/Library/PrivateFrameworks/Apple80211.framework/Versions/A/Apple80211
0x00000000037ce000 	/System/Library/Frameworks/CoreWLAN.framework/Versions/A/CoreWLAN
0x00000000037ce000 	/System/Library/Frameworks/IOBluetooth.framework/Versions/A/IOBluetooth
0x00000000037ce000 	/System/Library/PrivateFrameworks/CoreWiFi.framework/Versions/A/CoreWiFi
0x00000000037ce000 	/System/Library/Frameworks/CoreBluetooth.framework/Versions/A/CoreBluetooth
0x00000000037ce000 	/System/Library/PrivateFrameworks/ChunkingLibrary.framework/Versions/A/ChunkingLibrary
0x00000000037ce000 	/System/Library/PrivateFrameworks/DebugSymbols.framework/Versions/A/DebugSymbols
0x00000000037ce000 	/System/Library/PrivateFrameworks/CoreSymbolication.framework/Versions/A/CoreSymbolication
0x00000000037ce000 	/System/Library/PrivateFrameworks/Symbolication.framework/Versions/A/Symbolication
0x00000000037ce000 	/System/Library/PrivateFrameworks/SpeechRecognitionCore.framework/Versions/A/SpeechRecognitionCore
0x000000010eb6f000 	/Library/Java/JavaVirtualMachines/jdk1.8.0_74.jdk/Contents/Home/jre/lib/server/libjvm.dylib
0x000000010fafe000 	/usr/lib/libstdc++.6.dylib
0x000000010fbb9000 	/Library/Java/JavaVirtualMachines/jdk1.8.0_74.jdk/Contents/Home/jre/lib/libverify.dylib
0x000000010fbc7000 	/Library/Java/JavaVirtualMachines/jdk1.8.0_74.jdk/Contents/Home/jre/lib/libjava.dylib
0x0000000110408000 	/Library/Java/JavaVirtualMachines/jdk1.8.0_74.jdk/Contents/Home/jre/lib/libzip.dylib
0x0000000125d73000 	/System/Library/Frameworks/JavaVM.framework/Frameworks/JavaRuntimeSupport.framework/JavaRuntimeSupport
0x0000000125d8e000 	/System/Library/Frameworks/JavaVM.framework/Versions/A/Frameworks/JavaNativeFoundation.framework/Versions/A/JavaNativeFoundation
0x0000000125da3000 	/System/Library/Frameworks/JavaVM.framework/Versions/A/JavaVM
0x00000000037ce000 	/System/Library/Frameworks/Carbon.framework/Versions/A/Carbon
0x0000000125db0000 	/System/Library/PrivateFrameworks/JavaLaunching.framework/Versions/A/JavaLaunching
0x00000000037ce000 	/System/Library/Frameworks/Carbon.framework/Versions/A/Frameworks/CommonPanels.framework/Versions/A/CommonPanels
0x00000000037ce000 	/System/Library/Frameworks/Carbon.framework/Versions/A/Frameworks/Help.framework/Versions/A/Help
0x00000000037ce000 	/System/Library/Frameworks/Carbon.framework/Versions/A/Frameworks/ImageCapture.framework/Versions/A/ImageCapture
0x00000000037ce000 	/System/Library/Frameworks/Carbon.framework/Versions/A/Frameworks/OpenScripting.framework/Versions/A/OpenScripting
0x00000000037ce000 	/System/Library/Frameworks/Carbon.framework/Versions/A/Frameworks/Print.framework/Versions/A/Print
0x00000000037ce000 	/System/Library/Frameworks/Carbon.framework/Versions/A/Frameworks/SecurityHI.framework/Versions/A/SecurityHI
0x00000001276db000 	/Library/Java/JavaVirtualMachines/jdk1.8.0_74.jdk/Contents/Home/jre/lib/libawt.dylib
0x0000000127783000 	/Library/Java/JavaVirtualMachines/jdk1.8.0_74.jdk/Contents/Home/jre/lib/./libmlib_image.dylib
0x000000012784f000 	/Library/Java/JavaVirtualMachines/jdk1.8.0_74.jdk/Contents/Home/jre/lib/libawt_lwawt.dylib
0x0000000127904000 	/Library/Java/JavaVirtualMachines/jdk1.8.0_74.jdk/Contents/Home/jre/lib/./libosxapp.dylib
0x00000000037ce000 	/System/Library/Frameworks/ExceptionHandling.framework/Versions/A/ExceptionHandling
0x00000000037ce000 	/System/Library/PrivateFrameworks/CoreServicesInternal.framework/Versions/A/CoreServicesInternal
0x00000000037ce000 	/System/Library/Frameworks/CoreGraphics.framework/Versions/A/Resources/libRIP.A.dylib
0x000000012867e000 	/System/Library/Frameworks/Accelerate.framework/Frameworks/vImage.framework/Versions/A/Libraries/libCGInterfaces.dylib
0x00000000037ce000 	/System/Library/Frameworks/CoreGraphics.framework/Versions/A/Resources/libCGXType.A.dylib
0x00000000037ce000 	/System/Library/Frameworks/OpenCL.framework/Versions/A/Libraries/libcldcpuengine.dylib
0x00000000037ce000 	/System/Library/PrivateFrameworks/DiskImages.framework/Versions/A/DiskImages
0x00000000037ce000 	/System/Library/Frameworks/DiscRecording.framework/Versions/A/DiscRecording
0x00000000037ce000 	/usr/lib/libcsfde.dylib
0x00000000037ce000 	/usr/lib/libcurl.4.dylib
0x00000000037ce000 	/System/Library/PrivateFrameworks/MediaKit.framework/Versions/A/MediaKit
0x00000000037ce000 	/System/Library/PrivateFrameworks/ProtectedCloudStorage.framework/Versions/A/ProtectedCloudStorage
0x00000000037ce000 	/usr/lib/libCoreStorage.dylib
0x00000000037ce000 	/System/Library/PrivateFrameworks/EFILogin.framework/Versions/A/EFILogin
0x00000000037ce000 	/usr/lib/libutil.dylib
0x00000000037ce000 	/System/Library/PrivateFrameworks/FindMyDevice.framework/Versions/A/FindMyDevice
0x00000000037ce000 	/System/Library/Frameworks/LDAP.framework/Versions/A/LDAP
0x00000000037ce000 	/usr/lib/libsasl2.2.dylib
0x00000000037ce000 	/System/Library/PrivateFrameworks/CoreDaemon.framework/Versions/B/CoreDaemon
0x00000000037ce000 	/usr/lib/libcrypto.0.9.8.dylib
0x00000000037ce000 	/System/Library/PrivateFrameworks/AppleSRP.framework/Versions/A/AppleSRP
0x00000000037ce000 	/System/Library/PrivateFrameworks/TrustEvaluationAgent.framework/Versions/A/TrustEvaluationAgent
0x00000001293ab000 	cl_kernels
0x00000000037ce000 	/System/Library/Frameworks/OpenCL.framework/Versions/A/Libraries/ImageFormats/unorm8_bgra.dylib
0x00000000037ce000 	/System/Library/Frameworks/OpenCL.framework/Versions/A/Libraries/ImageFormats/unorm8_rgba.dylib
0x00000000037ce000 	/System/Library/PrivateFrameworks/FamilyControls.framework/Versions/A/FamilyControls
0x00000000037ce000 	/System/Library/PrivateFrameworks/CommerceKit.framework/Versions/A/Frameworks/CommerceCore.framework/Versions/A/CommerceCore
0x00000000037ce000 	/System/Library/PrivateFrameworks/SystemAdministration.framework/Versions/A/SystemAdministration
0x00000000037ce000 	/System/Library/PrivateFrameworks/AppContainer.framework/Versions/A/AppContainer
0x00000000037ce000 	/System/Library/PrivateFrameworks/SecCodeWrapper.framework/Versions/A/SecCodeWrapper
0x00000000037ce000 	/System/Library/Frameworks/DirectoryService.framework/Versions/A/DirectoryService
0x00000000037ce000 	/System/Library/PrivateFrameworks/LoginUIKit.framework/Versions/A/Frameworks/LoginUICore.framework/Versions/A/LoginUICore
0x00000000037ce000 	/usr/lib/libodfde.dylib
0x000000012a3eb000 	/System/Library/Frameworks/OpenGL.framework/Resources/GLEngine.bundle/GLEngine
0x00000000037ce000 	/System/Library/Frameworks/OpenGL.framework/Versions/A/Libraries/libGLProgrammability.dylib
0x000000012a5d3000 	/System/Library/Extensions/AppleIntelHD4000GraphicsGLDriver.bundle/Contents/MacOS/AppleIntelHD4000GraphicsGLDriver
0x00000000037ce000 	/System/Library/PrivateFrameworks/GPUSupport.framework/Versions/A/Libraries/libGPUSupportMercury.dylib
0x000000012ac9a000 	/System/Library/Frameworks/OpenGL.framework/Resources//GLRendererFloat.bundle/GLRendererFloat
0x000000012b56d000 	/Library/Java/JavaVirtualMachines/jdk1.8.0_74.jdk/Contents/Home/jre/lib/libfontmanager.dylib
0x000000012ca2e000 	/Library/Java/JavaVirtualMachines/jdk1.8.0_74.jdk/Contents/Home/jre/lib/libosxui.dylib
0x000000012d766000 	/Library/Java/JavaVirtualMachines/jdk1.8.0_74.jdk/Contents/Home/jre/lib/libnet.dylib
0x000000012d5c4000 	/Library/Java/JavaVirtualMachines/jdk1.8.0_74.jdk/Contents/Home/jre/lib/libnio.dylib
0x00000000037ce000 	/System/Library/Frameworks/ApplicationServices.framework/Versions/A/Frameworks/ATS.framework/Versions/A/Resources/libTrueTypeScaler.dylib
0x0000000192044000 	/System/Library/Extensions/AppleIntelHD4000GraphicsMTLDriver.bundle/Contents/MacOS/AppleIntelHD4000GraphicsMTLDriver
0x0000000191f60000 	/private/var/folders/pl/08wspb0n0gqb_lyxgj0j_bmc0000gn/T/jogamp_0000/file_cache/jln3327865087371266890/jln3563717429262161692/libgluegen-rt.jnilib
0x0000000191f64000 	/private/var/folders/pl/08wspb0n0gqb_lyxgj0j_bmc0000gn/T/jogamp_0000/file_cache/jln3327865087371266890/jln3563717429262161692/libnativewindow_awt.jnilib
0x0000000191f67000 	/Library/Java/JavaVirtualMachines/jdk1.8.0_74.jdk/Contents/Home/jre/lib/libjawt.dylib
0x0000000191f6a000 	/private/var/folders/pl/08wspb0n0gqb_lyxgj0j_bmc0000gn/T/jogamp_0000/file_cache/jln3327865087371266890/jln3563717429262161692/libnativewindow_macosx.jnilib
0x0000000193647000 	/private/var/folders/pl/08wspb0n0gqb_lyxgj0j_bmc0000gn/T/jogamp_0000/file_cache/jln3327865087371266890/jln3563717429262161692/libjogl_desktop.jnilib
0x0000000198e7d000 	/Library/Java/JavaVirtualMachines/jdk1.8.0_74.jdk/Contents/Home/jre/lib/libjpeg.dylib

VM Arguments:
jvm_args: -Djava.security.policy=java.policy.applet -Dfile.encoding=UTF-8 
java_command: sun.applet.AppletViewer module1.HelloWorld1460426872502.html
java_class_path (initial): /Users/MGCFI/Google Drive/java/workspaces/UCSDUnfoldingMaps/build:/Users/MGCFI/Google Drive/java/workspaces/UCSDUnfoldingMaps/lib/core.jar:/Users/MGCFI/Google Drive/java/workspaces/UCSDUnfoldingMaps/lib/gluegen-rt.jar:/Users/MGCFI/Google Drive/java/workspaces/UCSDUnfoldingMaps/lib/jogl-all.jar:/Users/MGCFI/Google Drive/java/workspaces/UCSDUnfoldingMaps/lib/log4j-1.2.15.jar:/Users/MGCFI/Google Drive/java/workspaces/UCSDUnfoldingMaps/lib/sqlite-jdbc-3.7.2.jar:/Users/MGCFI/Google Drive/java/workspaces/UCSDUnfoldingMaps/lib/json4processing.jar:/Users/MGCFI/Google Drive/java/workspaces/UCSDUnfoldingMaps/lib/libTUIO.jar:/Users/MGCFI/Google Drive/java/workspaces/UCSDUnfoldingMaps/lib/unfolding.0.9.7-uscd.jar
Launcher Type: SUN_STANDARD

Environment Variables:
PATH=/usr/bin:/bin:/usr/sbin:/sbin
SHELL=/bin/zsh

Signal Handlers:
SIGSEGV: [libjvm.dylib+0x5a6855], sa_mask[0]=11111111011111110111111111111111, sa_flags=SA_ONSTACK|SA_RESTART|SA_SIGINFO
SIGBUS: [libjvm.dylib+0x5a6855], sa_mask[0]=11111111011111110111111111111111, sa_flags=SA_RESTART|SA_SIGINFO
SIGFPE: [libjvm.dylib+0x4804ec], sa_mask[0]=11111111011111110111111111111111, sa_flags=SA_RESTART|SA_SIGINFO
SIGPIPE: [libjvm.dylib+0x4804ec], sa_mask[0]=11111111011111110111111111111111, sa_flags=SA_RESTART|SA_SIGINFO
SIGXFSZ: [libjvm.dylib+0x4804ec], sa_mask[0]=11111111011111110111111111111111, sa_flags=SA_RESTART|SA_SIGINFO
SIGILL: [libjvm.dylib+0x4804ec], sa_mask[0]=11111111011111110111111111111111, sa_flags=SA_RESTART|SA_SIGINFO
SIGUSR1: SIG_DFL, sa_mask[0]=00000000000000000000000000000000, sa_flags=none
SIGUSR2: [libjvm.dylib+0x48000a], sa_mask[0]=00100000000000000000000000000000, sa_flags=SA_RESTART|SA_SIGINFO
SIGHUP: [libjvm.dylib+0x47e5e1], sa_mask[0]=11111111011111110111111111111111, sa_flags=SA_RESTART|SA_SIGINFO
SIGINT: [libjvm.dylib+0x47e5e1], sa_mask[0]=11111111011111110111111111111111, sa_flags=SA_RESTART|SA_SIGINFO
SIGTERM: [libjvm.dylib+0x47e5e1], sa_mask[0]=11111111011111110111111111111111, sa_flags=SA_RESTART|SA_SIGINFO
SIGQUIT: [libjvm.dylib+0x47e5e1], sa_mask[0]=11111111011111110111111111111111, sa_flags=SA_RESTART|SA_SIGINFO


---------------  S Y S T E M  ---------------

OS:Bsduname:Darwin 15.4.0 Darwin Kernel Version 15.4.0: Fri Feb 26 22:08:05 PST 2016; root:xnu-3248.40.184~3/RELEASE_X86_64 x86_64
rlimit: STACK 8192k, CORE 0k, NPROC 709, NOFILE 10240, AS infinity
load average:2.88 2.74 2.57

CPU:total 4 (2 cores per cpu, 2 threads per core) family 6 model 58 stepping 9, cmov, cx8, fxsr, mmx, sse, sse2, sse3, ssse3, sse4.1, sse4.2, popcnt, avx, aes, clmul, erms, ht, tsc, tscinvbit, tscinv

Memory: 4k page, physical 8388608k(92040k free)

/proc/meminfo:


vm_info: Java HotSpot(TM) 64-Bit Server VM (25.74-b02) for bsd-amd64 JRE (1.8.0_74-b02), built on Jan 29 2016 15:32:34 by "java_re" with gcc 4.2.1 (Based on Apple Inc. build 5658) (LLVM build 2336.11.00)

time: Mon Apr 11 22:08:03 2016
elapsed time: 10 seconds (0d 0h 0m 10s)

