#
# A fatal error has been detected by the Java Runtime Environment:
#
#  SIGSEGV (0xb) at pc=0x00007fff9390e4dd, pid=38632, tid=2571
#
# JRE version: Java(TM) SE Runtime Environment (8.0_74-b02) (build 1.8.0_74-b02)
# Java VM: Java HotSpot(TM) 64-Bit Server VM (25.74-b02 mixed mode bsd-amd64 compressed oops)
# Problematic frame:
# C  [libobjc.A.dylib+0x14dd]  objc_msgSend+0x1d
#
# Failed to write core dump. Core dumps have been disabled. To enable core dumping, try "ulimit -c unlimited" before starting Java again
#
# If you would like to submit a bug report, please visit:
#   http://bugreport.java.com/bugreport/crash.jsp
# The crash happened outside the Java Virtual Machine in native code.
# See problematic frame for where to report the bug.
#

---------------  T H R E A D  ---------------

Current thread (0x00007fee9913b800):  JavaThread "AWT-AppKit" daemon [_thread_in_native, id=2571, stack(0x00007fff58806000,0x00007fff59006000)]

siginfo: si_signo: 11 (SIGSEGV), si_code: 1 (SEGV_MAPERR), si_addr: 0x0000000000000018

Registers:
RAX=0x00007fee9d33cc30, RBX=0x000000018a2b8450, RCX=0x00000001249edd40, RDX=0x00000001249ed920
RSP=0x00007fff59001358, RBP=0x00007fff59001410, RSI=0x00007fff93905ce6, RDI=0x00007fee9af5d0a0
R8 =0x0000000000000000, R9 =0x00000000000008b0, R10=0x00007fff93905ce6, R11=0x0000000000000000
R12=0x0000000000000000, R13=0x000000018bc1a608, R14=0x000000018a2b8440, R15=0x00007fee9913b800
RIP=0x00007fff9390e4dd, EFLAGS=0x0000000000010246, ERR=0x0000000000000004
  TRAPNO=0x000000000000000e

Top of Stack: (sp=0x00007fff59001358)
0x00007fff59001358:   000000018a2b6157 00007fff590013b0
0x00007fff59001368:   0000000000000003 00007fff59001390
0x00007fff59001378:   0000000107066b02 000000018bc1a608
0x00007fff59001388:   000000018bc1a608 00007fee9d33cc30
0x00007fff59001398:   000000018a2b86a0 000000018a2b8710
0x00007fff590013a8:   00007fff750b2770 00007fff7766b500
0x00007fff590013b8:   000000018a2b8450 000000018a2b8690
0x00007fff590013c8:   00007fee9d33cc30 00007fee9af5d0a0
0x00007fff590013d8:   00007fee9d4540c0 00007fee9d33cc30
0x00007fff590013e8:   00007fee9af5d0a0 00007fff59001498
0x00007fff590013f8:   00007fee9913b9f8 000000018bc1a608
0x00007fff59001408:   00007fff590014c0 00007fff59001488
0x00007fff59001418:   0000000108815954 000000018bc1a608
0x00007fff59001428:   00007fff590014c0 00007fff59001488
0x00007fff59001438:   00000001088156e7 00000001088156a2
0x00007fff59001448:   00007fff59001448 000000018bc1a608
0x00007fff59001458:   00007fff590014c0 000000018bc1d240
0x00007fff59001468:   0000000000000000 000000018bc1a608
0x00007fff59001478:   0000000000000000 00007fff590014a8
0x00007fff59001488:   00007fff59001508 0000000108807c4d
0x00007fff59001498:   0000000797ad34d8 000000010880f578
0x00007fff590014a8:   00007fee9d33cc30 00007fff59001508
0x00007fff590014b8:   00007fee9af5d0a0 0000000108810d82
0x00007fff590014c8:   00007fff590014c8 000000018bc1a7d2
0x00007fff590014d8:   00007fff59001530 000000018bc1d240
0x00007fff590014e8:   0000000000000000 000000018bc1a7e0
0x00007fff590014f8:   00007fff590014a8 00007fff59001518
0x00007fff59001508:   00007fff59001578 0000000108807c4d
0x00007fff59001518:   00007fee9d33cc30 00000007979114e0
0x00007fff59001528:   00007fee9af5d0a0 00000007979114e0
0x00007fff59001538:   00007fff59001538 000000018fc22d0e
0x00007fff59001548:   00007fff59001588 000000018fc22dc8 

Instructions: (pc=0x00007fff9390e4dd)
0x00007fff9390e4bd:   44 00 00 48 85 ff 2e 74 62 40 f6 c7 01 2e 75 66
0x00007fff9390e4cd:   49 bb f8 ff ff ff ff 7f 00 00 4c 23 1f 49 89 f2
0x00007fff9390e4dd:   45 23 53 18 49 c1 e2 04 4d 03 53 10 49 3b 32 75
0x00007fff9390e4ed:   04 41 ff 62 08 49 83 3a 01 76 0d 49 83 c2 10 49 

Register to memory mapping:

RAX=0x00007fee9d33cc30 is an unknown value
RBX=0x000000018a2b8450: Java_jogamp_nativewindow_macosx_OSXUtil_GetScreenRefreshRate0+0x1cf0 in /private/var/folders/pl/08wspb0n0gqb_lyxgj0j_bmc0000gn/T/jogamp_0000/file_cache/jln2801353797001146504/jln8871972310626553142/libnativewindow_macosx.jnilib at 0x000000018a2b1000
RCX=0x00000001249edd40 is an unknown value
RDX=0x00000001249ed920 is an unknown value
RSP=0x00007fff59001358 is pointing into the stack for thread: 0x00007fee9913b800
RBP=0x00007fff59001410 is pointing into the stack for thread: 0x00007fee9913b800
RSI=0x00007fff93905ce6 is an unknown value
RDI=0x00007fee9af5d0a0 is an unknown value
R8 =0x0000000000000000 is an unknown value
R9 =0x00000000000008b0 is an unknown value
R10=0x00007fff93905ce6 is an unknown value
R11=0x0000000000000000 is an unknown value
R12=0x0000000000000000 is an unknown value
R13={method} {0x000000018bc1a608} 'UnsetJAWTRootSurfaceLayer0' '(JJ)V' in 'jogamp/nativewindow/jawt/macosx/MacOSXJAWTWindow'
R14=0x000000018a2b8440: Java_jogamp_nativewindow_macosx_OSXUtil_GetScreenRefreshRate0+0x1ce0 in /private/var/folders/pl/08wspb0n0gqb_lyxgj0j_bmc0000gn/T/jogamp_0000/file_cache/jln2801353797001146504/jln8871972310626553142/libnativewindow_macosx.jnilib at 0x000000018a2b1000
R15=0x00007fee9913b800 is a thread


Stack: [0x00007fff58806000,0x00007fff59006000],  sp=0x00007fff59001358,  free space=8172k
Native frames: (J=compiled Java code, j=interpreted, Vv=VM code, C=native code)
C  [libobjc.A.dylib+0x14dd]  objc_msgSend+0x1d
j  jogamp.nativewindow.jawt.macosx.MacOSXJAWTWindow.UnsetJAWTRootSurfaceLayer0(JJ)V+0
j  jogamp.nativewindow.jawt.macosx.MacOSXJAWTWindow.access$200(JJ)V+2
j  jogamp.nativewindow.jawt.macosx.MacOSXJAWTWindow$1.run()V+38
J 1836 C1 com.jogamp.common.util.RunnableTask.run()V (345 bytes) @ 0x0000000108de56d4 [0x0000000108de5540+0x194]
v  ~StubRoutines::call_stub
V  [libjvm.dylib+0x2ea39e]  JavaCalls::call_helper(JavaValue*, methodHandle*, JavaCallArguments*, Thread*)+0x6ae
V  [libjvm.dylib+0x3214a7]  jni_invoke_nonstatic(JNIEnv_*, JavaValue*, _jobject*, JNICallType, _jmethodID*, JNI_ArgumentPusher*, Thread*)+0x2ec
V  [libjvm.dylib+0x313c7b]  jni_CallVoidMethod+0x16b
C  [libnativewindow_macosx.jnilib+0x5326]  Java_jogamp_nativewindow_jawt_macosx_MacOSXJAWTWindow_UnsetJAWTRootSurfaceLayer0+0x2b6
C  [Foundation+0x76f5e]  __NSThreadPerformPerform+0x117
C  [CoreFoundation+0xaa881]  __CFRUNLOOP_IS_CALLING_OUT_TO_A_SOURCE0_PERFORM_FUNCTION__+0x11
C  [CoreFoundation+0x89f37]  __CFRunLoopDoSources0+0x1a7
C  [CoreFoundation+0x894df]  __CFRunLoopRun+0x39f
C  [CoreFoundation+0x88ed8]  CFRunLoopRunSpecific+0x128
C  [HIToolbox+0x30935]  RunCurrentEventLoopInMode+0xeb
C  [HIToolbox+0x30677]  ReceiveNextEventCommon+0xb8
C  [HIToolbox+0x305af]  _BlockUntilNextEventMatchingListInModeWithFilter+0x47
C  [AppKit+0x48efa]  _DPSNextEvent+0x42b
C  [AppKit+0x4832a]  -[NSApplication _nextEventMatchingEventMask:untilDate:inMode:dequeue:]+0x1c6
C  [libosxapp.dylib+0x23aa]  -[NSApplicationAWT nextEventMatchingMask:untilDate:inMode:dequeue:]+0x7c
C  [AppKit+0x3ce84]  -[NSApplication run]+0x2aa
C  [libosxapp.dylib+0x214d]  +[NSApplicationAWT runAWTLoopWithApp:]+0x9c
C  [libawt_lwawt.dylib+0x4455b]  -[AWTStarter starter:]+0x389
C  [Foundation+0x76f5e]  __NSThreadPerformPerform+0x117
C  [CoreFoundation+0xaa881]  __CFRUNLOOP_IS_CALLING_OUT_TO_A_SOURCE0_PERFORM_FUNCTION__+0x11
C  [CoreFoundation+0x89fbc]  __CFRunLoopDoSources0+0x22c
C  [CoreFoundation+0x894df]  __CFRunLoopRun+0x39f
C  [CoreFoundation+0x88ed8]  CFRunLoopRunSpecific+0x128
C  [java+0x6463]  CreateExecutionEnvironment+0x367
C  [java+0x21ac]  JLI_Launch+0x7a0
C  [java+0x84c0]  main+0x65
C  [java+0x1a04]  start+0x34
C  0x0000000000000007

Java frames: (J=compiled Java code, j=interpreted, Vv=VM code)
j  jogamp.nativewindow.jawt.macosx.MacOSXJAWTWindow.UnsetJAWTRootSurfaceLayer0(JJ)V+0
j  jogamp.nativewindow.jawt.macosx.MacOSXJAWTWindow.access$200(JJ)V+2
j  jogamp.nativewindow.jawt.macosx.MacOSXJAWTWindow$1.run()V+38
J 1836 C1 com.jogamp.common.util.RunnableTask.run()V (345 bytes) @ 0x0000000108de56d4 [0x0000000108de5540+0x194]
v  ~StubRoutines::call_stub

---------------  P R O C E S S  ---------------

Java Threads: ( => current thread )
  0x00007fee995e5800 JavaThread "Thread-28" [_thread_blocked, id=64167, stack(0x0000700001af4000,0x0000700001bf4000)]
  0x00007fee99906800 JavaThread "Image Fetcher 1" daemon [_thread_blocked, id=69247, stack(0x0000700001dfd000,0x0000700001efd000)]
  0x00007fee9a399000 JavaThread "Image Fetcher 0" daemon [_thread_blocked, id=67083, stack(0x0000700001f00000,0x0000700002000000)]
  0x00007fee998f4800 JavaThread "Keep-Alive-Timer" daemon [_thread_blocked, id=66135, stack(0x00007000010cd000,0x00007000011cd000)]
  0x00007fee9a1c0000 JavaThread "AWT-EventQueue-1" [_thread_in_native, id=60443, stack(0x000070000196e000,0x0000700001a6e000)]
  0x00007fee9a150800 JavaThread "DestroyJavaVM" [_thread_blocked, id=4099, stack(0x0000700000084000,0x0000700000184000)]
  0x00007fee9a12f800 JavaThread "AWT-EventQueue-0" [_thread_blocked, id=56835, stack(0x0000700001768000,0x0000700001868000)]
  0x00007fee991d6000 JavaThread "Java2D Disposer" daemon [_thread_blocked, id=52743, stack(0x00007000014df000,0x00007000015df000)]
  0x00007fee988da000 JavaThread "Java2D Queue Flusher" daemon [_thread_blocked, id=50439, stack(0x00007000013dc000,0x00007000014dc000)]
  0x00007fee988dc800 JavaThread "AWT-Shutdown" [_thread_blocked, id=28959, stack(0x0000700001256000,0x0000700001356000)]
=>0x00007fee9913b800 JavaThread "AWT-AppKit" daemon [_thread_in_native, id=2571, stack(0x00007fff58806000,0x00007fff59006000)]
  0x00007fee98833000 JavaThread "Service Thread" daemon [_thread_blocked, id=18691, stack(0x0000700000e44000,0x0000700000f44000)]
  0x00007fee99041800 JavaThread "C1 CompilerThread2" daemon [_thread_blocked, id=18179, stack(0x0000700000d41000,0x0000700000e41000)]
  0x00007fee9a018000 JavaThread "C2 CompilerThread1" daemon [_thread_blocked, id=17667, stack(0x0000700000c3e000,0x0000700000d3e000)]
  0x00007fee9904f800 JavaThread "C2 CompilerThread0" daemon [_thread_blocked, id=17155, stack(0x0000700000b3b000,0x0000700000c3b000)]
  0x00007fee99819800 JavaThread "Signal Dispatcher" daemon [_thread_blocked, id=14351, stack(0x0000700000a38000,0x0000700000b38000)]
  0x00007fee9980c000 JavaThread "Finalizer" daemon [_thread_blocked, id=12291, stack(0x000070000082f000,0x000070000092f000)]
  0x00007fee9a017000 JavaThread "Reference Handler" daemon [_thread_blocked, id=11779, stack(0x000070000072c000,0x000070000082c000)]

Other Threads:
  0x00007fee99806000 VMThread [stack: 0x0000700000629000,0x0000700000729000] [id=11267]
  0x00007fee9903b000 WatcherThread [stack: 0x0000700000f47000,0x0000700001047000] [id=19203]

VM state:not at safepoint (normal execution)

VM Mutex/Monitor currently owned by a thread: None

Heap:
 PSYoungGen      total 38400K, used 38314K [0x0000000795580000, 0x0000000798000000, 0x00000007c0000000)
  eden space 33280K, 99% used [0x0000000795580000,0x00000007975eddf0,0x0000000797600000)
  from space 5120K, 99% used [0x0000000797600000,0x0000000797afcc90,0x0000000797b00000)
  to   space 5120K, 0% used [0x0000000797b00000,0x0000000797b00000,0x0000000798000000)
 ParOldGen       total 87552K, used 9556K [0x0000000740000000, 0x0000000745580000, 0x0000000795580000)
  object space 87552K, 10% used [0x0000000740000000,0x00000007409553e8,0x0000000745580000)
 Metaspace       used 19341K, capacity 19541K, committed 19712K, reserved 1067008K
  class space    used 1916K, capacity 1987K, committed 2048K, reserved 1048576K

Card table byte_map: [0x0000000117bc0000,0x0000000117fc1000] byte_map_base: 0x00000001141c0000

Marking Bits: (ParMarkBitMap*) 0x0000000107759ea0
 Begin Bits: [0x000000011826c000, 0x000000011a26c000)
 End Bits:   [0x000000011a26c000, 0x000000011c26c000)

Polling page: 0x0000000107f03000

CodeCache: size=245760Kb used=6451Kb max_used=6464Kb free=239308Kb
 bounds [0x0000000108800000, 0x0000000108e60000, 0x0000000117800000]
 total_blobs=2668 nmethods=1791 adapters=791
 compilation: enabled

Compilation events (10 events):
Event: 11.548 Thread 0x00007fee99041800 nmethod 1940 0x0000000108e32910 code [0x0000000108e32a60, 0x0000000108e32b70]
Event: 11.549 Thread 0x00007fee99041800 1941       3       java.util.HashMap::put (13 bytes)
Event: 11.550 Thread 0x00007fee99041800 nmethod 1941 0x0000000108e39990 code [0x0000000108e39b20, 0x0000000108e39ed8]
Event: 11.550 Thread 0x00007fee99041800 1942       3       sun.misc.JarIndex::get (49 bytes)
Event: 11.551 Thread 0x00007fee99041800 nmethod 1942 0x0000000108e3dd10 code [0x0000000108e3dee0, 0x0000000108e3e758]
Event: 11.560 Thread 0x00007fee99041800 1944  s!   2       sun.misc.URLClassPath::getLoader (197 bytes)
Event: 11.560 Thread 0x00007fee9904f800 1943  s    4       sun.misc.URLClassPath::getNextLoader (88 bytes)
Event: 11.563 Thread 0x00007fee99041800 nmethod 1944 0x0000000108e477d0 code [0x0000000108e47ac0, 0x0000000108e491c8]
Event: 11.564 Thread 0x00007fee99041800 1945       3       java.util.concurrent.locks.AbstractQueuedSynchronizer$ConditionObject::signalAll (33 bytes)
Event: 11.564 Thread 0x00007fee99041800 nmethod 1945 0x0000000108e47190 code [0x0000000108e47320, 0x0000000108e476a8]

GC Heap History (6 events):
Event: 5.134 GC heap before
{Heap before GC invocations=1 (full 0):
 PSYoungGen      total 38400K, used 33280K [0x0000000795580000, 0x0000000798000000, 0x00000007c0000000)
  eden space 33280K, 100% used [0x0000000795580000,0x0000000797600000,0x0000000797600000)
  from space 5120K, 0% used [0x0000000797b00000,0x0000000797b00000,0x0000000798000000)
  to   space 5120K, 0% used [0x0000000797600000,0x0000000797600000,0x0000000797b00000)
 ParOldGen       total 87552K, used 0K [0x0000000740000000, 0x0000000745580000, 0x0000000795580000)
  object space 87552K, 0% used [0x0000000740000000,0x0000000740000000,0x0000000745580000)
 Metaspace       used 16084K, capacity 16343K, committed 16640K, reserved 1064960K
  class space    used 1613K, capacity 1692K, committed 1792K, reserved 1048576K
Event: 5.146 GC heap after
Heap after GC invocations=1 (full 0):
 PSYoungGen      total 38400K, used 5100K [0x0000000795580000, 0x0000000798000000, 0x00000007c0000000)
  eden space 33280K, 0% used [0x0000000795580000,0x0000000795580000,0x0000000797600000)
  from space 5120K, 99% used [0x0000000797600000,0x0000000797afb050,0x0000000797b00000)
  to   space 5120K, 0% used [0x0000000797b00000,0x0000000797b00000,0x0000000798000000)
 ParOldGen       total 87552K, used 283K [0x0000000740000000, 0x0000000745580000, 0x0000000795580000)
  object space 87552K, 0% used [0x0000000740000000,0x0000000740046e18,0x0000000745580000)
 Metaspace       used 16084K, capacity 16343K, committed 16640K, reserved 1064960K
  class space    used 1613K, capacity 1692K, committed 1792K, reserved 1048576K
}
Event: 7.092 GC heap before
{Heap before GC invocations=2 (full 0):
 PSYoungGen      total 38400K, used 38380K [0x0000000795580000, 0x0000000798000000, 0x00000007c0000000)
  eden space 33280K, 100% used [0x0000000795580000,0x0000000797600000,0x0000000797600000)
  from space 5120K, 99% used [0x0000000797600000,0x0000000797afb050,0x0000000797b00000)
  to   space 5120K, 0% used [0x0000000797b00000,0x0000000797b00000,0x0000000798000000)
 ParOldGen       total 87552K, used 283K [0x0000000740000000, 0x0000000745580000, 0x0000000795580000)
  object space 87552K, 0% used [0x0000000740000000,0x0000000740046e18,0x0000000745580000)
 Metaspace       used 18455K, capacity 18695K, committed 18816K, reserved 1067008K
  class space    used 1854K, capacity 1918K, committed 1920K, reserved 1048576K
Event: 7.117 GC heap after
Heap after GC invocations=2 (full 0):
 PSYoungGen      total 38400K, used 5091K [0x0000000795580000, 0x0000000798000000, 0x00000007c0000000)
  eden space 33280K, 0% used [0x0000000795580000,0x0000000795580000,0x0000000797600000)
  from space 5120K, 99% used [0x0000000797b00000,0x0000000797ff8ca0,0x0000000798000000)
  to   space 5120K, 0% used [0x0000000797600000,0x0000000797600000,0x0000000797b00000)
 ParOldGen       total 87552K, used 6360K [0x0000000740000000, 0x0000000745580000, 0x0000000795580000)
  object space 87552K, 7% used [0x0000000740000000,0x00000007406360e8,0x0000000745580000)
 Metaspace       used 18455K, capacity 18695K, committed 18816K, reserved 1067008K
  class space    used 1854K, capacity 1918K, committed 1920K, reserved 1048576K
}
Event: 8.019 GC heap before
{Heap before GC invocations=3 (full 0):
 PSYoungGen      total 38400K, used 38182K [0x0000000795580000, 0x0000000798000000, 0x00000007c0000000)
  eden space 33280K, 99% used [0x0000000795580000,0x00000007975d0d78,0x0000000797600000)
  from space 5120K, 99% used [0x0000000797b00000,0x0000000797ff8ca0,0x0000000798000000)
  to   space 5120K, 0% used [0x0000000797600000,0x0000000797600000,0x0000000797b00000)
 ParOldGen       total 87552K, used 6360K [0x0000000740000000, 0x0000000745580000, 0x0000000795580000)
  object space 87552K, 7% used [0x0000000740000000,0x00000007406360e8,0x0000000745580000)
 Metaspace       used 18945K, capacity 19157K, committed 19456K, reserved 1067008K
  class space    used 1909K, capacity 1987K, committed 2048K, reserved 1048576K
Event: 8.027 GC heap after
Heap after GC invocations=3 (full 0):
 PSYoungGen      total 38400K, used 5107K [0x0000000795580000, 0x0000000798000000, 0x00000007c0000000)
  eden space 33280K, 0% used [0x0000000795580000,0x0000000795580000,0x0000000797600000)
  from space 5120K, 99% used [0x0000000797600000,0x0000000797afcc90,0x0000000797b00000)
  to   space 5120K, 0% used [0x0000000797b00000,0x0000000797b00000,0x0000000798000000)
 ParOldGen       total 87552K, used 9556K [0x0000000740000000, 0x0000000745580000, 0x0000000795580000)
  object space 87552K, 10% used [0x0000000740000000,0x00000007409553e8,0x0000000745580000)
 Metaspace       used 18945K, capacity 19157K, committed 19456K, reserved 1067008K
  class space    used 1909K, capacity 1987K, committed 2048K, reserved 1048576K
}

Deoptimization events (9 events):
Event: 3.475 Thread 0x00007fee98808800 Uncommon trap: reason=unstable_if action=reinterpret pc=0x00000001089e5c40 method=java.lang.String.toLowerCase(Ljava/util/Locale;)Ljava/lang/String; @ 85
Event: 4.633 Thread 0x00007fee993ca800 Uncommon trap: reason=unstable_if action=reinterpret pc=0x0000000108a5ab18 method=java.lang.String.indexOf([CII[CIII)I @ 3
Event: 4.633 Thread 0x00007fee993ca800 Uncommon trap: reason=unstable_if action=reinterpret pc=0x00000001089cf660 method=java.lang.String.indexOf([CII[CIII)I @ 3
Event: 5.909 Thread 0x00007fee9a1c0000 Uncommon trap: reason=unstable_if action=reinterpret pc=0x00000001089bedac method=java.lang.AbstractStringBuilder.append(Ljava/lang/String;)Ljava/lang/AbstractStringBuilder; @ 1
Event: 7.407 Thread 0x00007fee9a364800 Uncommon trap: reason=unstable_if action=reinterpret pc=0x0000000108caa77c method=java.util.Vector.indexOf(Ljava/lang/Object;I)I @ 41
Event: 7.444 Thread 0x00007fee9a1c0000 Uncommon trap: reason=unstable_if action=reinterpret pc=0x0000000108c5faec method=java.lang.StrictMath.floorOrCeil(DDDD)D @ 115
Event: 11.516 Thread 0x00007fee9a1c0000 Uncommon trap: reason=unstable_if action=reinterpret pc=0x0000000108caa3a8 method=com.jogamp.common.util.VersionNumber.compareTo(Lcom/jogamp/common/util/VersionNumber;)I @ 21
Event: 11.547 Thread 0x00007fee988fe000 Uncommon trap: reason=unstable_if action=reinterpret pc=0x0000000108c3abfc method=java.util.HashMap.putVal(ILjava/lang/Object;Ljava/lang/Object;ZZ)Ljava/lang/Object; @ 81
Event: 11.547 Thread 0x00007fee988fe000 Uncommon trap: reason=unstable_if action=reinterpret pc=0x0000000108c3a054 method=java.util.HashMap.putVal(ILjava/lang/Object;Ljava/lang/Object;ZZ)Ljava/lang/Object; @ 81

Internal exceptions (10 events):
Event: 0.314 Thread 0x00007fee98808800 Exception <a 'java/lang/NoSuchFieldError': method resolution failed> (0x0000000795785fa8) thrown at [/Users/java_re/workspace/8-2-build-macosx-x86_64/jdk8u74/6087/hotspot/src/share/vm/prims/methodHandles.cpp, line 1146]
Event: 0.326 Thread 0x00007fee98808800 Exception <a 'java/lang/NoSuchFieldError': method resolution failed> (0x0000000795793778) thrown at [/Users/java_re/workspace/8-2-build-macosx-x86_64/jdk8u74/6087/hotspot/src/share/vm/prims/methodHandles.cpp, line 1146]
Event: 0.720 Thread 0x00007fee98808800 Exception <a 'java/io/FileNotFoundException'> (0x000000079580f540) thrown at [/Users/java_re/workspace/8-2-build-macosx-x86_64/jdk8u74/6087/hotspot/src/share/vm/prims/jni.cpp, line 709]
Event: 0.721 Thread 0x00007fee98808800 Exception <a 'java/io/FileNotFoundException'> (0x0000000795810088) thrown at [/Users/java_re/workspace/8-2-build-macosx-x86_64/jdk8u74/6087/hotspot/src/share/vm/prims/jni.cpp, line 709]
Event: 1.012 Thread 0x00007fee98808800 Exception <a 'java/io/FileNotFoundException'> (0x00000007959adc68) thrown at [/Users/java_re/workspace/8-2-build-macosx-x86_64/jdk8u74/6087/hotspot/src/share/vm/prims/jni.cpp, line 709]
Event: 4.666 Thread 0x00007fee993ca800 Exception <a 'java/lang/UnsatisfiedLinkError': com.jogamp.common.util.JarUtil.fixNativeLibAttribs(Ljava/lang/String;)Z> (0x0000000796be4010) thrown at [/Users/java_re/workspace/8-2-build-macosx-x86_64/jdk8u74/6087/hotspot/src/share/vm/prims/nativeLookup.c
Event: 5.150 Thread 0x00007fee9980c000 Exception <a 'java/lang/NullPointerException'> (0x000000079574b000) thrown at [/Users/java_re/workspace/8-2-build-macosx-x86_64/jdk8u74/6087/hotspot/src/share/vm/interpreter/linkResolver.cpp, line 1178]
Event: 5.909 Thread 0x00007fee9a1c0000 Exception <a 'java/io/FileNotFoundException'> (0x0000000795f50bf8) thrown at [/Users/java_re/workspace/8-2-build-macosx-x86_64/jdk8u74/6087/hotspot/src/share/vm/prims/jni.cpp, line 709]
Event: 5.909 Thread 0x00007fee9a1c0000 Exception <a 'java/io/FileNotFoundException'> (0x0000000795f58a38) thrown at [/Users/java_re/workspace/8-2-build-macosx-x86_64/jdk8u74/6087/hotspot/src/share/vm/prims/jni.cpp, line 709]
Event: 5.909 Thread 0x00007fee9a1c0000 Implicit null exception at 0x00000001089bea35 to 0x00000001089bed99

Events (10 events):
Event: 11.562 loading class java/awt/LightweightDispatcher$2 done
Event: 11.562 loading class java/awt/event/AWTEventListenerProxy
Event: 11.562 loading class java/awt/event/AWTEventListenerProxy done
Event: 11.563 loading class java/awt/Toolkit$ToolkitEventMulticaster
Event: 11.563 loading class java/awt/Toolkit$ToolkitEventMulticaster done
Event: 11.563 Executing VM operation: RevokeBias
Event: 11.563 Executing VM operation: RevokeBias done
Event: 11.563 Thread 0x00007fee988fe000 Thread exited: 0x00007fee988fe000
Event: 11.564 loading class java/awt/Window$1DisposeAction
Event: 11.564 loading class java/awt/Window$1DisposeAction done


Dynamic libraries:
0x00000000037ce000 	/System/Library/Frameworks/Cocoa.framework/Versions/A/Cocoa
0x00000000037ce000 	/System/Library/Frameworks/Security.framework/Versions/A/Security
0x00000000037ce000 	/System/Library/Frameworks/ApplicationServices.framework/Versions/A/ApplicationServices
0x00000000037ce000 	/usr/lib/libz.1.dylib
0x00000000037ce000 	/usr/lib/libSystem.B.dylib
0x00000000037ce000 	/usr/lib/libobjc.A.dylib
0x00000000037ce000 	/System/Library/Frameworks/CoreFoundation.framework/Versions/A/CoreFoundation
0x00000000037ce000 	/System/Library/Frameworks/Foundation.framework/Versions/C/Foundation
0x00000000037ce000 	/System/Library/Frameworks/AppKit.framework/Versions/C/AppKit
0x00000000037ce000 	/System/Library/Frameworks/CoreData.framework/Versions/A/CoreData
0x00000000037ce000 	/System/Library/PrivateFrameworks/RemoteViewServices.framework/Versions/A/RemoteViewServices
0x00000000037ce000 	/System/Library/PrivateFrameworks/UIFoundation.framework/Versions/A/UIFoundation
0x00000000037ce000 	/usr/lib/libScreenReader.dylib
0x00000000037ce000 	/System/Library/Frameworks/Accelerate.framework/Versions/A/Accelerate
0x00000000037ce000 	/System/Library/Frameworks/IOSurface.framework/Versions/A/IOSurface
0x00000000037ce000 	/System/Library/Frameworks/AudioToolbox.framework/Versions/A/AudioToolbox
0x00000000037ce000 	/System/Library/Frameworks/AudioUnit.framework/Versions/A/AudioUnit
0x00000000037ce000 	/System/Library/PrivateFrameworks/DataDetectorsCore.framework/Versions/A/DataDetectorsCore
0x00000000037ce000 	/System/Library/PrivateFrameworks/DesktopServicesPriv.framework/Versions/A/DesktopServicesPriv
0x00000000037ce000 	/System/Library/Frameworks/Carbon.framework/Versions/A/Frameworks/HIToolbox.framework/Versions/A/HIToolbox
0x00000000037ce000 	/System/Library/Frameworks/QuartzCore.framework/Versions/A/QuartzCore
0x00000000037ce000 	/System/Library/Frameworks/Carbon.framework/Versions/A/Frameworks/SpeechRecognition.framework/Versions/A/SpeechRecognition
0x00000000037ce000 	/usr/lib/libauto.dylib
0x00000000037ce000 	/usr/lib/libicucore.A.dylib
0x00000000037ce000 	/usr/lib/libxml2.2.dylib
0x00000000037ce000 	/System/Library/PrivateFrameworks/CoreUI.framework/Versions/A/CoreUI
0x00000000037ce000 	/System/Library/Frameworks/CoreAudio.framework/Versions/A/CoreAudio
0x00000000037ce000 	/System/Library/Frameworks/DiskArbitration.framework/Versions/A/DiskArbitration
0x00000000037ce000 	/usr/lib/liblangid.dylib
0x00000000037ce000 	/System/Library/PrivateFrameworks/MultitouchSupport.framework/Versions/A/MultitouchSupport
0x00000000037ce000 	/System/Library/Frameworks/IOKit.framework/Versions/A/IOKit
0x00000000037ce000 	/usr/lib/libDiagnosticMessagesClient.dylib
0x00000000037ce000 	/System/Library/Frameworks/CoreServices.framework/Versions/A/CoreServices
0x00000000037ce000 	/System/Library/PrivateFrameworks/PerformanceAnalysis.framework/Versions/A/PerformanceAnalysis
0x00000000037ce000 	/System/Library/PrivateFrameworks/GenerationalStorage.framework/Versions/A/GenerationalStorage
0x00000000037ce000 	/System/Library/Frameworks/OpenGL.framework/Versions/A/OpenGL
0x00000000037ce000 	/System/Library/PrivateFrameworks/Sharing.framework/Versions/A/Sharing
0x00000000037ce000 	/System/Library/Frameworks/CoreGraphics.framework/Versions/A/CoreGraphics
0x00000000037ce000 	/System/Library/Frameworks/CoreImage.framework/Versions/A/CoreImage
0x00000000037ce000 	/System/Library/Frameworks/CoreText.framework/Versions/A/CoreText
0x00000000037ce000 	/System/Library/Frameworks/ImageIO.framework/Versions/A/ImageIO
0x00000000037ce000 	/System/Library/PrivateFrameworks/Backup.framework/Versions/A/Backup
0x00000000037ce000 	/usr/lib/libextension.dylib
0x00000000037ce000 	/usr/lib/libarchive.2.dylib
0x00000000037ce000 	/System/Library/Frameworks/CFNetwork.framework/Versions/A/CFNetwork
0x00000000037ce000 	/System/Library/Frameworks/SystemConfiguration.framework/Versions/A/SystemConfiguration
0x00000000037ce000 	/usr/lib/libCRFSuite.dylib
0x00000000037ce000 	/usr/lib/libc++.1.dylib
0x00000000037ce000 	/usr/lib/libc++abi.dylib
0x00000000037ce000 	/usr/lib/system/libcache.dylib
0x00000000037ce000 	/usr/lib/system/libcommonCrypto.dylib
0x00000000037ce000 	/usr/lib/system/libcompiler_rt.dylib
0x00000000037ce000 	/usr/lib/system/libcopyfile.dylib
0x00000000037ce000 	/usr/lib/system/libcorecrypto.dylib
0x00000000037ce000 	/usr/lib/system/libdispatch.dylib
0x00000000037ce000 	/usr/lib/system/libdyld.dylib
0x00000000037ce000 	/usr/lib/system/libkeymgr.dylib
0x00000000037ce000 	/usr/lib/system/liblaunch.dylib
0x00000000037ce000 	/usr/lib/system/libmacho.dylib
0x00000000037ce000 	/usr/lib/system/libquarantine.dylib
0x00000000037ce000 	/usr/lib/system/libremovefile.dylib
0x00000000037ce000 	/usr/lib/system/libsystem_asl.dylib
0x00000000037ce000 	/usr/lib/system/libsystem_blocks.dylib
0x00000000037ce000 	/usr/lib/system/libsystem_c.dylib
0x00000000037ce000 	/usr/lib/system/libsystem_configuration.dylib
0x00000000037ce000 	/usr/lib/system/libsystem_coreservices.dylib
0x00000000037ce000 	/usr/lib/system/libsystem_coretls.dylib
0x00000000037ce000 	/usr/lib/system/libsystem_dnssd.dylib
0x00000000037ce000 	/usr/lib/system/libsystem_info.dylib
0x00000000037ce000 	/usr/lib/system/libsystem_kernel.dylib
0x00000000037ce000 	/usr/lib/system/libsystem_m.dylib
0x00000000037ce000 	/usr/lib/system/libsystem_malloc.dylib
0x00000000037ce000 	/usr/lib/system/libsystem_network.dylib
0x00000000037ce000 	/usr/lib/system/libsystem_networkextension.dylib
0x00000000037ce000 	/usr/lib/system/libsystem_notify.dylib
0x00000000037ce000 	/usr/lib/system/libsystem_platform.dylib
0x00000000037ce000 	/usr/lib/system/libsystem_pthread.dylib
0x00000000037ce000 	/usr/lib/system/libsystem_sandbox.dylib
0x00000000037ce000 	/usr/lib/system/libsystem_secinit.dylib
0x00000000037ce000 	/usr/lib/system/libsystem_trace.dylib
0x00000000037ce000 	/usr/lib/system/libunc.dylib
0x00000000037ce000 	/usr/lib/system/libunwind.dylib
0x00000000037ce000 	/usr/lib/system/libxpc.dylib
0x00000000037ce000 	/usr/lib/libenergytrace.dylib
0x00000000037ce000 	/usr/lib/libbsm.0.dylib
0x00000000037ce000 	/usr/lib/system/libkxld.dylib
0x00000000037ce000 	/usr/lib/libxar.1.dylib
0x00000000037ce000 	/usr/lib/libsqlite3.dylib
0x00000000037ce000 	/usr/lib/libpam.2.dylib
0x00000000037ce000 	/usr/lib/libOpenScriptingUtil.dylib
0x00000000037ce000 	/usr/lib/libbz2.1.0.dylib
0x00000000037ce000 	/usr/lib/liblzma.5.dylib
0x00000000037ce000 	/System/Library/Frameworks/CoreServices.framework/Versions/A/Frameworks/FSEvents.framework/Versions/A/FSEvents
0x00000000037ce000 	/System/Library/Frameworks/CoreServices.framework/Versions/A/Frameworks/CarbonCore.framework/Versions/A/CarbonCore
0x00000000037ce000 	/System/Library/Frameworks/CoreServices.framework/Versions/A/Frameworks/Metadata.framework/Versions/A/Metadata
0x00000000037ce000 	/System/Library/Frameworks/CoreServices.framework/Versions/A/Frameworks/OSServices.framework/Versions/A/OSServices
0x00000000037ce000 	/System/Library/Frameworks/CoreServices.framework/Versions/A/Frameworks/SearchKit.framework/Versions/A/SearchKit
0x00000000037ce000 	/System/Library/Frameworks/CoreServices.framework/Versions/A/Frameworks/AE.framework/Versions/A/AE
0x00000000037ce000 	/System/Library/Frameworks/CoreServices.framework/Versions/A/Frameworks/LaunchServices.framework/Versions/A/LaunchServices
0x00000000037ce000 	/System/Library/Frameworks/CoreServices.framework/Versions/A/Frameworks/DictionaryServices.framework/Versions/A/DictionaryServices
0x00000000037ce000 	/System/Library/Frameworks/CoreServices.framework/Versions/A/Frameworks/SharedFileList.framework/Versions/A/SharedFileList
0x00000000037ce000 	/System/Library/Frameworks/NetFS.framework/Versions/A/NetFS
0x00000000037ce000 	/System/Library/PrivateFrameworks/NetAuth.framework/Versions/A/NetAuth
0x00000000037ce000 	/System/Library/PrivateFrameworks/login.framework/Versions/A/Frameworks/loginsupport.framework/Versions/A/loginsupport
0x00000000037ce000 	/System/Library/PrivateFrameworks/TCC.framework/Versions/A/TCC
0x00000000037ce000 	/usr/lib/libmecabra.dylib
0x00000000037ce000 	/System/Library/Frameworks/ApplicationServices.framework/Versions/A/Frameworks/ATS.framework/Versions/A/ATS
0x00000000037ce000 	/System/Library/Frameworks/ApplicationServices.framework/Versions/A/Frameworks/ColorSync.framework/Versions/A/ColorSync
0x00000000037ce000 	/System/Library/Frameworks/ApplicationServices.framework/Versions/A/Frameworks/HIServices.framework/Versions/A/HIServices
0x00000000037ce000 	/System/Library/Frameworks/ApplicationServices.framework/Versions/A/Frameworks/LangAnalysis.framework/Versions/A/LangAnalysis
0x00000000037ce000 	/System/Library/Frameworks/ApplicationServices.framework/Versions/A/Frameworks/PrintCore.framework/Versions/A/PrintCore
0x00000000037ce000 	/System/Library/Frameworks/ApplicationServices.framework/Versions/A/Frameworks/QD.framework/Versions/A/QD
0x00000000037ce000 	/System/Library/Frameworks/ApplicationServices.framework/Versions/A/Frameworks/SpeechSynthesis.framework/Versions/A/SpeechSynthesis
0x00000000037ce000 	/System/Library/Frameworks/Metal.framework/Versions/A/Metal
0x00000000037ce000 	/System/Library/Frameworks/Accelerate.framework/Versions/A/Frameworks/vImage.framework/Versions/A/vImage
0x00000000037ce000 	/System/Library/Frameworks/Accelerate.framework/Versions/A/Frameworks/vecLib.framework/Versions/A/vecLib
0x00000000037ce000 	/System/Library/Frameworks/Accelerate.framework/Versions/A/Frameworks/vecLib.framework/Versions/A/libvDSP.dylib
0x00000000037ce000 	/System/Library/Frameworks/Accelerate.framework/Versions/A/Frameworks/vecLib.framework/Versions/A/libvMisc.dylib
0x00000000037ce000 	/System/Library/Frameworks/Accelerate.framework/Versions/A/Frameworks/vecLib.framework/Versions/A/libLAPACK.dylib
0x00000000037ce000 	/System/Library/Frameworks/Accelerate.framework/Versions/A/Frameworks/vecLib.framework/Versions/A/libBLAS.dylib
0x00000000037ce000 	/System/Library/Frameworks/Accelerate.framework/Versions/A/Frameworks/vecLib.framework/Versions/A/libLinearAlgebra.dylib
0x00000000037ce000 	/System/Library/Frameworks/Accelerate.framework/Versions/A/Frameworks/vecLib.framework/Versions/A/libSparseBLAS.dylib
0x00000000037ce000 	/System/Library/PrivateFrameworks/GPUCompiler.framework/libmetal_timestamp.dylib
0x00000000037ce000 	/System/Library/Frameworks/OpenGL.framework/Versions/A/Libraries/libCoreFSCache.dylib
0x00000000037ce000 	/System/Library/PrivateFrameworks/IOAccelerator.framework/Versions/A/IOAccelerator
0x00000000037ce000 	/System/Library/Frameworks/ApplicationServices.framework/Versions/A/Frameworks/ATS.framework/Versions/A/Resources/libFontParser.dylib
0x00000000037ce000 	/System/Library/Frameworks/ApplicationServices.framework/Versions/A/Frameworks/ATS.framework/Versions/A/Resources/libFontRegistry.dylib
0x00000000037ce000 	/System/Library/PrivateFrameworks/AppleVPA.framework/Versions/A/AppleVPA
0x00000000037ce000 	/System/Library/PrivateFrameworks/AppleJPEG.framework/Versions/A/AppleJPEG
0x00000000037ce000 	/System/Library/Frameworks/ImageIO.framework/Versions/A/Resources/libJPEG.dylib
0x00000000037ce000 	/System/Library/Frameworks/ImageIO.framework/Versions/A/Resources/libTIFF.dylib
0x00000000037ce000 	/System/Library/Frameworks/ImageIO.framework/Versions/A/Resources/libPng.dylib
0x00000000037ce000 	/System/Library/Frameworks/ImageIO.framework/Versions/A/Resources/libGIF.dylib
0x00000000037ce000 	/System/Library/Frameworks/ImageIO.framework/Versions/A/Resources/libJP2.dylib
0x00000000037ce000 	/System/Library/Frameworks/ImageIO.framework/Versions/A/Resources/libRadiance.dylib
0x00000000037ce000 	/System/Library/Frameworks/CoreVideo.framework/Versions/A/CoreVideo
0x00000000037ce000 	/System/Library/Frameworks/OpenGL.framework/Versions/A/Libraries/libGLU.dylib
0x00000000037ce000 	/System/Library/Frameworks/OpenGL.framework/Versions/A/Libraries/libGFXShared.dylib
0x00000000037ce000 	/System/Library/Frameworks/OpenGL.framework/Versions/A/Libraries/libGL.dylib
0x00000000037ce000 	/System/Library/Frameworks/OpenGL.framework/Versions/A/Libraries/libGLImage.dylib
0x00000000037ce000 	/System/Library/Frameworks/OpenGL.framework/Versions/A/Libraries/libCVMSPluginSupport.dylib
0x00000000037ce000 	/System/Library/Frameworks/OpenGL.framework/Versions/A/Libraries/libCoreVMClient.dylib
0x00000000037ce000 	/usr/lib/libcups.2.dylib
0x00000000037ce000 	/System/Library/Frameworks/Kerberos.framework/Versions/A/Kerberos
0x00000000037ce000 	/System/Library/Frameworks/GSS.framework/Versions/A/GSS
0x00000000037ce000 	/usr/lib/libresolv.9.dylib
0x00000000037ce000 	/usr/lib/libiconv.2.dylib
0x00000000037ce000 	/System/Library/PrivateFrameworks/Heimdal.framework/Versions/A/Heimdal
0x00000000037ce000 	/usr/lib/libheimdal-asn1.dylib
0x00000000037ce000 	/System/Library/Frameworks/OpenDirectory.framework/Versions/A/OpenDirectory
0x00000000037ce000 	/System/Library/PrivateFrameworks/CommonAuth.framework/Versions/A/CommonAuth
0x00000000037ce000 	/System/Library/Frameworks/OpenDirectory.framework/Versions/A/Frameworks/CFOpenDirectory.framework/Versions/A/CFOpenDirectory
0x00000000037ce000 	/System/Library/Frameworks/SecurityFoundation.framework/Versions/A/SecurityFoundation
0x00000000037ce000 	/System/Library/PrivateFrameworks/LanguageModeling.framework/Versions/A/LanguageModeling
0x00000000037ce000 	/usr/lib/libmarisa.dylib
0x00000000037ce000 	/usr/lib/libChineseTokenizer.dylib
0x00000000037ce000 	/usr/lib/libcmph.dylib
0x00000000037ce000 	/usr/lib/libcompression.dylib
0x00000000037ce000 	/System/Library/Frameworks/ServiceManagement.framework/Versions/A/ServiceManagement
0x00000000037ce000 	/usr/lib/libxslt.1.dylib
0x00000000037ce000 	/System/Library/Frameworks/Carbon.framework/Versions/A/Frameworks/Ink.framework/Versions/A/Ink
0x00000000037ce000 	/usr/lib/libFosl_dynamic.dylib
0x00000000037ce000 	/System/Library/PrivateFrameworks/FaceCore.framework/Versions/A/FaceCore
0x00000000037ce000 	/System/Library/Frameworks/OpenCL.framework/Versions/A/OpenCL
0x00000000037ce000 	/System/Library/PrivateFrameworks/CrashReporterSupport.framework/Versions/A/CrashReporterSupport
0x00000000037ce000 	/System/Library/PrivateFrameworks/IconServices.framework/Versions/A/IconServices
0x00000000037ce000 	/System/Library/PrivateFrameworks/Apple80211.framework/Versions/A/Apple80211
0x00000000037ce000 	/System/Library/Frameworks/CoreWLAN.framework/Versions/A/CoreWLAN
0x00000000037ce000 	/System/Library/Frameworks/IOBluetooth.framework/Versions/A/IOBluetooth
0x00000000037ce000 	/System/Library/PrivateFrameworks/CoreWiFi.framework/Versions/A/CoreWiFi
0x00000000037ce000 	/System/Library/Frameworks/CoreBluetooth.framework/Versions/A/CoreBluetooth
0x00000000037ce000 	/System/Library/PrivateFrameworks/ChunkingLibrary.framework/Versions/A/ChunkingLibrary
0x00000000037ce000 	/System/Library/PrivateFrameworks/DebugSymbols.framework/Versions/A/DebugSymbols
0x00000000037ce000 	/System/Library/PrivateFrameworks/CoreSymbolication.framework/Versions/A/CoreSymbolication
0x00000000037ce000 	/System/Library/PrivateFrameworks/Symbolication.framework/Versions/A/Symbolication
0x00000000037ce000 	/System/Library/PrivateFrameworks/SpeechRecognitionCore.framework/Versions/A/SpeechRecognitionCore
0x0000000106e76000 	/Library/Java/JavaVirtualMachines/jdk1.8.0_74.jdk/Contents/Home/jre/lib/server/libjvm.dylib
0x0000000107e05000 	/usr/lib/libstdc++.6.dylib
0x0000000107ec0000 	/Library/Java/JavaVirtualMachines/jdk1.8.0_74.jdk/Contents/Home/jre/lib/libverify.dylib
0x0000000107ece000 	/Library/Java/JavaVirtualMachines/jdk1.8.0_74.jdk/Contents/Home/jre/lib/libjava.dylib
0x0000000107f0d000 	/Library/Java/JavaVirtualMachines/jdk1.8.0_74.jdk/Contents/Home/jre/lib/libzip.dylib
0x0000000107fe2000 	/System/Library/Frameworks/JavaVM.framework/Frameworks/JavaRuntimeSupport.framework/JavaRuntimeSupport
0x000000011e097000 	/System/Library/Frameworks/JavaVM.framework/Versions/A/Frameworks/JavaNativeFoundation.framework/Versions/A/JavaNativeFoundation
0x000000011e0ac000 	/System/Library/Frameworks/JavaVM.framework/Versions/A/JavaVM
0x00000000037ce000 	/System/Library/Frameworks/Carbon.framework/Versions/A/Carbon
0x000000011e0b9000 	/System/Library/PrivateFrameworks/JavaLaunching.framework/Versions/A/JavaLaunching
0x00000000037ce000 	/System/Library/Frameworks/Carbon.framework/Versions/A/Frameworks/CommonPanels.framework/Versions/A/CommonPanels
0x00000000037ce000 	/System/Library/Frameworks/Carbon.framework/Versions/A/Frameworks/Help.framework/Versions/A/Help
0x00000000037ce000 	/System/Library/Frameworks/Carbon.framework/Versions/A/Frameworks/ImageCapture.framework/Versions/A/ImageCapture
0x00000000037ce000 	/System/Library/Frameworks/Carbon.framework/Versions/A/Frameworks/OpenScripting.framework/Versions/A/OpenScripting
0x00000000037ce000 	/System/Library/Frameworks/Carbon.framework/Versions/A/Frameworks/Print.framework/Versions/A/Print
0x00000000037ce000 	/System/Library/Frameworks/Carbon.framework/Versions/A/Frameworks/SecurityHI.framework/Versions/A/SecurityHI
0x000000011f9e2000 	/Library/Java/JavaVirtualMachines/jdk1.8.0_74.jdk/Contents/Home/jre/lib/libawt.dylib
0x000000011fa8a000 	/Library/Java/JavaVirtualMachines/jdk1.8.0_74.jdk/Contents/Home/jre/lib/./libmlib_image.dylib
0x000000011fb56000 	/Library/Java/JavaVirtualMachines/jdk1.8.0_74.jdk/Contents/Home/jre/lib/libawt_lwawt.dylib
0x000000011fc0b000 	/Library/Java/JavaVirtualMachines/jdk1.8.0_74.jdk/Contents/Home/jre/lib/./libosxapp.dylib
0x00000000037ce000 	/System/Library/Frameworks/ExceptionHandling.framework/Versions/A/ExceptionHandling
0x00000000037ce000 	/System/Library/PrivateFrameworks/CoreServicesInternal.framework/Versions/A/CoreServicesInternal
0x00000000037ce000 	/System/Library/Frameworks/CoreGraphics.framework/Versions/A/Resources/libRIP.A.dylib
0x0000000120985000 	/System/Library/Frameworks/Accelerate.framework/Frameworks/vImage.framework/Versions/A/Libraries/libCGInterfaces.dylib
0x00000000037ce000 	/System/Library/Frameworks/CoreGraphics.framework/Versions/A/Resources/libCGXType.A.dylib
0x00000000037ce000 	/System/Library/Frameworks/OpenCL.framework/Versions/A/Libraries/libcldcpuengine.dylib
0x00000000037ce000 	/System/Library/PrivateFrameworks/DiskImages.framework/Versions/A/DiskImages
0x00000000037ce000 	/System/Library/Frameworks/DiscRecording.framework/Versions/A/DiscRecording
0x00000000037ce000 	/usr/lib/libcsfde.dylib
0x00000000037ce000 	/usr/lib/libcurl.4.dylib
0x00000000037ce000 	/System/Library/PrivateFrameworks/MediaKit.framework/Versions/A/MediaKit
0x00000000037ce000 	/System/Library/PrivateFrameworks/ProtectedCloudStorage.framework/Versions/A/ProtectedCloudStorage
0x00000000037ce000 	/usr/lib/libCoreStorage.dylib
0x00000000037ce000 	/System/Library/PrivateFrameworks/EFILogin.framework/Versions/A/EFILogin
0x00000000037ce000 	/usr/lib/libutil.dylib
0x00000000037ce000 	/System/Library/PrivateFrameworks/FindMyDevice.framework/Versions/A/FindMyDevice
0x00000000037ce000 	/System/Library/Frameworks/LDAP.framework/Versions/A/LDAP
0x00000000037ce000 	/usr/lib/libsasl2.2.dylib
0x00000000037ce000 	/System/Library/PrivateFrameworks/CoreDaemon.framework/Versions/B/CoreDaemon
0x00000000037ce000 	/usr/lib/libcrypto.0.9.8.dylib
0x00000000037ce000 	/System/Library/PrivateFrameworks/AppleSRP.framework/Versions/A/AppleSRP
0x00000000037ce000 	/System/Library/PrivateFrameworks/TrustEvaluationAgent.framework/Versions/A/TrustEvaluationAgent
0x00000001216b2000 	cl_kernels
0x00000000037ce000 	/System/Library/Frameworks/OpenCL.framework/Versions/A/Libraries/ImageFormats/unorm8_bgra.dylib
0x00000000037ce000 	/System/Library/Frameworks/OpenCL.framework/Versions/A/Libraries/ImageFormats/unorm8_rgba.dylib
0x00000000037ce000 	/System/Library/PrivateFrameworks/FamilyControls.framework/Versions/A/FamilyControls
0x00000000037ce000 	/System/Library/PrivateFrameworks/CommerceKit.framework/Versions/A/Frameworks/CommerceCore.framework/Versions/A/CommerceCore
0x00000000037ce000 	/System/Library/PrivateFrameworks/SystemAdministration.framework/Versions/A/SystemAdministration
0x00000000037ce000 	/System/Library/PrivateFrameworks/AppContainer.framework/Versions/A/AppContainer
0x00000000037ce000 	/System/Library/PrivateFrameworks/SecCodeWrapper.framework/Versions/A/SecCodeWrapper
0x00000000037ce000 	/System/Library/Frameworks/DirectoryService.framework/Versions/A/DirectoryService
0x00000000037ce000 	/System/Library/PrivateFrameworks/LoginUIKit.framework/Versions/A/Frameworks/LoginUICore.framework/Versions/A/LoginUICore
0x00000000037ce000 	/usr/lib/libodfde.dylib
0x00000001226f2000 	/System/Library/Frameworks/OpenGL.framework/Resources/GLEngine.bundle/GLEngine
0x00000000037ce000 	/System/Library/Frameworks/OpenGL.framework/Versions/A/Libraries/libGLProgrammability.dylib
0x00000001228da000 	/System/Library/Extensions/AppleIntelHD4000GraphicsGLDriver.bundle/Contents/MacOS/AppleIntelHD4000GraphicsGLDriver
0x00000000037ce000 	/System/Library/PrivateFrameworks/GPUSupport.framework/Versions/A/Libraries/libGPUSupportMercury.dylib
0x0000000122fa1000 	/System/Library/Frameworks/OpenGL.framework/Resources//GLRendererFloat.bundle/GLRendererFloat
0x0000000123874000 	/Library/Java/JavaVirtualMachines/jdk1.8.0_74.jdk/Contents/Home/jre/lib/libfontmanager.dylib
0x0000000124d35000 	/Library/Java/JavaVirtualMachines/jdk1.8.0_74.jdk/Contents/Home/jre/lib/libosxui.dylib
0x0000000125a6d000 	/Library/Java/JavaVirtualMachines/jdk1.8.0_74.jdk/Contents/Home/jre/lib/libnet.dylib
0x00000001258cb000 	/Library/Java/JavaVirtualMachines/jdk1.8.0_74.jdk/Contents/Home/jre/lib/libnio.dylib
0x00000000037ce000 	/System/Library/Frameworks/ApplicationServices.framework/Versions/A/Frameworks/ATS.framework/Versions/A/Resources/libTrueTypeScaler.dylib
0x000000018a34b000 	/System/Library/Extensions/AppleIntelHD4000GraphicsMTLDriver.bundle/Contents/MacOS/AppleIntelHD4000GraphicsMTLDriver
0x000000018a2a7000 	/private/var/folders/pl/08wspb0n0gqb_lyxgj0j_bmc0000gn/T/jogamp_0000/file_cache/jln2801353797001146504/jln8871972310626553142/libgluegen-rt.jnilib
0x000000018a2ab000 	/private/var/folders/pl/08wspb0n0gqb_lyxgj0j_bmc0000gn/T/jogamp_0000/file_cache/jln2801353797001146504/jln8871972310626553142/libnativewindow_awt.jnilib
0x000000018a2ae000 	/Library/Java/JavaVirtualMachines/jdk1.8.0_74.jdk/Contents/Home/jre/lib/libjawt.dylib
0x000000018a2b1000 	/private/var/folders/pl/08wspb0n0gqb_lyxgj0j_bmc0000gn/T/jogamp_0000/file_cache/jln2801353797001146504/jln8871972310626553142/libnativewindow_macosx.jnilib
0x000000018bd62000 	/private/var/folders/pl/08wspb0n0gqb_lyxgj0j_bmc0000gn/T/jogamp_0000/file_cache/jln2801353797001146504/jln8871972310626553142/libjogl_desktop.jnilib
0x000000018beaf000 	/Library/Java/JavaVirtualMachines/jdk1.8.0_74.jdk/Contents/Home/jre/lib/libjpeg.dylib

VM Arguments:
jvm_args: -Djava.security.policy=java.policy.applet -Dfile.encoding=UTF-8 
java_command: sun.applet.AppletViewer module1.HelloWorld1460412226330.html
java_class_path (initial): /Users/MGCFI/Google Drive/java/workspaces/UCSDUnfoldingMaps/build:/Users/MGCFI/Google Drive/java/workspaces/UCSDUnfoldingMaps/lib/core.jar:/Users/MGCFI/Google Drive/java/workspaces/UCSDUnfoldingMaps/lib/gluegen-rt.jar:/Users/MGCFI/Google Drive/java/workspaces/UCSDUnfoldingMaps/lib/jogl-all.jar:/Users/MGCFI/Google Drive/java/workspaces/UCSDUnfoldingMaps/lib/log4j-1.2.15.jar:/Users/MGCFI/Google Drive/java/workspaces/UCSDUnfoldingMaps/lib/sqlite-jdbc-3.7.2.jar:/Users/MGCFI/Google Drive/java/workspaces/UCSDUnfoldingMaps/lib/json4processing.jar:/Users/MGCFI/Google Drive/java/workspaces/UCSDUnfoldingMaps/lib/libTUIO.jar:/Users/MGCFI/Google Drive/java/workspaces/UCSDUnfoldingMaps/lib/unfolding.0.9.7-uscd.jar
Launcher Type: SUN_STANDARD

Environment Variables:
PATH=/usr/bin:/bin:/usr/sbin:/sbin
SHELL=/bin/zsh

Signal Handlers:
SIGSEGV: [libjvm.dylib+0x5a6855], sa_mask[0]=11111111011111110111111111111111, sa_flags=SA_ONSTACK|SA_RESTART|SA_SIGINFO
SIGBUS: [libjvm.dylib+0x5a6855], sa_mask[0]=11111111011111110111111111111111, sa_flags=SA_RESTART|SA_SIGINFO
SIGFPE: [libjvm.dylib+0x4804ec], sa_mask[0]=11111111011111110111111111111111, sa_flags=SA_RESTART|SA_SIGINFO
SIGPIPE: [libjvm.dylib+0x4804ec], sa_mask[0]=11111111011111110111111111111111, sa_flags=SA_RESTART|SA_SIGINFO
SIGXFSZ: [libjvm.dylib+0x4804ec], sa_mask[0]=11111111011111110111111111111111, sa_flags=SA_RESTART|SA_SIGINFO
SIGILL: [libjvm.dylib+0x4804ec], sa_mask[0]=11111111011111110111111111111111, sa_flags=SA_RESTART|SA_SIGINFO
SIGUSR1: SIG_DFL, sa_mask[0]=00000000000000000000000000000000, sa_flags=none
SIGUSR2: [libjvm.dylib+0x48000a], sa_mask[0]=00100000000000000000000000000000, sa_flags=SA_RESTART|SA_SIGINFO
SIGHUP: [libjvm.dylib+0x47e5e1], sa_mask[0]=11111111011111110111111111111111, sa_flags=SA_RESTART|SA_SIGINFO
SIGINT: [libjvm.dylib+0x47e5e1], sa_mask[0]=11111111011111110111111111111111, sa_flags=SA_RESTART|SA_SIGINFO
SIGTERM: [libjvm.dylib+0x47e5e1], sa_mask[0]=11111111011111110111111111111111, sa_flags=SA_RESTART|SA_SIGINFO
SIGQUIT: [libjvm.dylib+0x47e5e1], sa_mask[0]=11111111011111110111111111111111, sa_flags=SA_RESTART|SA_SIGINFO


---------------  S Y S T E M  ---------------

OS:Bsduname:Darwin 15.4.0 Darwin Kernel Version 15.4.0: Fri Feb 26 22:08:05 PST 2016; root:xnu-3248.40.184~3/RELEASE_X86_64 x86_64
rlimit: STACK 8192k, CORE 0k, NPROC 709, NOFILE 10240, AS infinity
load average:4.24 2.97 2.55

CPU:total 4 (2 cores per cpu, 2 threads per core) family 6 model 58 stepping 9, cmov, cx8, fxsr, mmx, sse, sse2, sse3, ssse3, sse4.1, sse4.2, popcnt, avx, aes, clmul, erms, ht, tsc, tscinvbit, tscinv

Memory: 4k page, physical 8388608k(101544k free)

/proc/meminfo:


vm_info: Java HotSpot(TM) 64-Bit Server VM (25.74-b02) for bsd-amd64 JRE (1.8.0_74-b02), built on Jan 29 2016 15:32:34 by "java_re" with gcc 4.2.1 (Based on Apple Inc. build 5658) (LLVM build 2336.11.00)

time: Mon Apr 11 18:03:57 2016
elapsed time: 11 seconds (0d 0h 0m 11s)

